<?xml version="1.0" encoding="UTF-8"?>
<!-- Generated by org.testng.reporters.JUnitXMLReporter -->
<testsuite hostname="saurabh-apprication" failures="0" tests="240" name="Command line test" time="2.946" errors="0" timestamp="21 Mar 2024 06:09:31 GMT">
  <testcase classname="com.github.vitalibo.brickgame.game.tetris.BoardTest" name="testAdd" time="0.01"/>
  <testcase classname="com.github.vitalibo.brickgame.game.tetris.BoardTest" name="testCleanUp" time="0.004"/>
  <testcase classname="com.github.vitalibo.brickgame.game.tetris.BoardTest" name="testInit" time="0.002"/>
  <testcase classname="com.github.vitalibo.brickgame.game.tetris.BoardTest" name="testInit" time="0.001"/>
  <testcase classname="com.github.vitalibo.brickgame.game.tetris.BoardTest" name="testInit" time="0.0"/>
  <testcase classname="com.github.vitalibo.brickgame.game.tetris.BoardTest" name="testInit" time="0.0"/>
  <testcase classname="com.github.vitalibo.brickgame.game.tetris.BoardTest" name="testIsFull" time="0.001"/>
  <testcase classname="com.github.vitalibo.brickgame.game.tetris.BoardTest" name="testVerify" time="0.001"/>
  <testcase classname="com.github.vitalibo.brickgame.util.BooleanCollectorTest" name="testToArray" time="0.0"/>
  <testcase classname="com.github.vitalibo.brickgame.util.BooleanCollectorTest" name="testToTwoDimensionalArray" time="0.001"/>
  <testcase classname="com.github.vitalibo.brickgame.core.ui.BrickPanelTest" name="testBrickSize" time="0.0"/>
  <testcase classname="com.github.vitalibo.brickgame.core.ui.BrickPanelTest" name="testDraw" time="0.004"/>
  <testcase classname="com.github.vitalibo.brickgame.core.ui.BrickPanelTest" name="testDraw" time="0.0"/>
  <testcase classname="com.github.vitalibo.brickgame.core.ui.BrickPanelTest" name="testDraw" time="0.0"/>
  <testcase classname="com.github.vitalibo.brickgame.core.ui.BrickPanelTest" name="testDraw" time="0.001"/>
  <testcase classname="com.github.vitalibo.brickgame.core.ui.BrickPanelTest" name="testDraw" time="0.001"/>
  <testcase classname="com.github.vitalibo.brickgame.core.ui.BrickPanelTest" name="testDraw" time="0.001"/>
  <testcase classname="com.github.vitalibo.brickgame.core.ui.BrickPanelTest" name="testDraw" time="0.0"/>
  <testcase classname="com.github.vitalibo.brickgame.core.ui.BrickPanelTest" name="testDraw" time="0.0"/>
  <testcase classname="com.github.vitalibo.brickgame.core.ui.BrickPanelTest" name="testDraw" time="0.0"/>
  <testcase classname="com.github.vitalibo.brickgame.core.ui.BrickPanelTest" name="testDraw" time="0.001"/>
  <testcase classname="com.github.vitalibo.brickgame.core.ui.BrickPanelTest" name="testDraw" time="0.0"/>
  <testcase classname="com.github.vitalibo.brickgame.core.ui.BrickPanelTest" name="testDraw" time="0.0"/>
  <testcase classname="com.github.vitalibo.brickgame.core.ui.BrickPanelTest" name="testDraw" time="0.001"/>
  <testcase classname="com.github.vitalibo.brickgame.core.ui.BrickPanelTest" name="testDraw" time="0.0"/>
  <testcase classname="com.github.vitalibo.brickgame.core.ui.BrickPanelTest" name="testDraw" time="0.0"/>
  <testcase classname="com.github.vitalibo.brickgame.core.ui.BrickPanelTest" name="testDraw" time="0.001"/>
  <testcase classname="com.github.vitalibo.brickgame.core.ui.BrickPanelTest" name="testDraw" time="0.0"/>
  <testcase classname="com.github.vitalibo.brickgame.core.ui.BrickPanelTest" name="testDraw" time="0.0"/>
  <testcase classname="com.github.vitalibo.brickgame.core.ui.BrickPanelTest" name="testDraw" time="0.001"/>
  <testcase classname="com.github.vitalibo.brickgame.core.ui.BrickPanelTest" name="testDraw" time="0.0"/>
  <testcase classname="com.github.vitalibo.brickgame.core.ui.BrickPanelTest" name="testDraw" time="0.0"/>
  <testcase classname="com.github.vitalibo.brickgame.core.ui.BrickPanelTest" name="testDraw" time="0.0"/>
  <testcase classname="com.github.vitalibo.brickgame.core.ui.BrickPanelTest" name="testDraw" time="0.0"/>
  <testcase classname="com.github.vitalibo.brickgame.core.ui.BrickPanelTest" name="testDraw" time="0.0"/>
  <testcase classname="com.github.vitalibo.brickgame.core.ui.BrickPanelTest" name="testDraw" time="0.0"/>
  <testcase classname="com.github.vitalibo.brickgame.core.ui.BrickPanelTest" name="testDraw" time="0.0"/>
  <testcase classname="com.github.vitalibo.brickgame.core.ui.BrickPanelTest" name="testDraw" time="0.0"/>
  <testcase classname="com.github.vitalibo.brickgame.core.ui.BrickPanelTest" name="testDraw" time="0.0"/>
  <testcase classname="com.github.vitalibo.brickgame.core.ui.BrickPanelTest" name="testDraw" time="0.0"/>
  <testcase classname="com.github.vitalibo.brickgame.core.ui.BrickPanelTest" name="testDraw" time="0.0"/>
  <testcase classname="com.github.vitalibo.brickgame.core.ui.BrickPanelTest" name="testDraw" time="0.0"/>
  <testcase classname="com.github.vitalibo.brickgame.core.ui.BrickPanelTest" name="testDraw" time="0.001"/>
  <testcase classname="com.github.vitalibo.brickgame.core.ui.BrickPanelTest" name="testDraw" time="0.0"/>
  <testcase classname="com.github.vitalibo.brickgame.core.ui.BrickPanelTest" name="testDraw" time="0.0"/>
  <testcase classname="com.github.vitalibo.brickgame.core.ui.BrickPanelTest" name="testDraw" time="0.0"/>
  <testcase classname="com.github.vitalibo.brickgame.core.ui.BrickPanelTest" name="testDraw" time="0.0"/>
  <testcase classname="com.github.vitalibo.brickgame.core.ui.BrickPanelTest" name="testDraw" time="0.0"/>
  <testcase classname="com.github.vitalibo.brickgame.core.ui.BrickPanelTest" name="testDraw" time="0.001"/>
  <testcase classname="com.github.vitalibo.brickgame.core.ui.BrickPanelTest" name="testDraw" time="0.0"/>
  <testcase classname="com.github.vitalibo.brickgame.core.ui.BrickPanelTest" name="testDraw" time="0.0"/>
  <testcase classname="com.github.vitalibo.brickgame.core.ui.BrickPanelTest" name="testDraw" time="0.0"/>
  <testcase classname="com.github.vitalibo.brickgame.core.ui.BrickPanelTest" name="testDraw" time="0.0"/>
  <testcase classname="com.github.vitalibo.brickgame.core.ui.BrickPanelTest" name="testDraw" time="0.0"/>
  <testcase classname="com.github.vitalibo.brickgame.core.ui.BrickPanelTest" name="testDraw" time="0.0"/>
  <testcase classname="com.github.vitalibo.brickgame.core.ui.BrickPanelTest" name="testDraw" time="0.0"/>
  <testcase classname="com.github.vitalibo.brickgame.core.ui.BrickPanelTest" name="testDraw" time="0.0"/>
  <testcase classname="com.github.vitalibo.brickgame.core.ui.BrickPanelTest" name="testDraw" time="0.001"/>
  <testcase classname="com.github.vitalibo.brickgame.core.ui.BrickPanelTest" name="testDraw" time="0.0"/>
  <testcase classname="com.github.vitalibo.brickgame.core.ui.BrickPanelTest" name="testDraw" time="0.0"/>
  <testcase classname="com.github.vitalibo.brickgame.core.ui.BrickPanelTest" name="testDraw" time="0.0"/>
  <testcase classname="com.github.vitalibo.brickgame.core.ui.BrickTest" name="testNotRepaint" time="0.004"/>
  <testcase classname="com.github.vitalibo.brickgame.core.ui.BrickTest" name="testPaintState" time="0.056"/>
  <testcase classname="com.github.vitalibo.brickgame.core.ui.BrickTest" name="testPaintState" time="0.001"/>
  <testcase classname="com.github.vitalibo.brickgame.core.ui.BrickTest" name="testRepaint" time="0.0"/>
  <testcase classname="com.github.vitalibo.brickgame.util.BuilderTest" name="testMap" time="0.001"/>
  <testcase classname="com.github.vitalibo.brickgame.util.BuilderTest" name="testWith" time="0.001"/>
  <testcase classname="com.github.vitalibo.brickgame.util.CanvasTranslatorTest" name="testFrom" time="0.0"/>
  <testcase classname="com.github.vitalibo.brickgame.util.CanvasTranslatorTest" name="testFromStream" time="0.002"/>
  <testcase classname="com.github.vitalibo.brickgame.util.CanvasTranslatorTest" name="testFromStream" time="0.0"/>
  <testcase classname="com.github.vitalibo.brickgame.util.CanvasTranslatorTest" name="testFromStream" time="0.0"/>
  <testcase classname="com.github.vitalibo.brickgame.game.race.CarTest" name="testCarCrashed" time="0.001"/>
  <testcase classname="com.github.vitalibo.brickgame.game.race.CarTest" name="testDown" time="0.001"/>
  <testcase classname="com.github.vitalibo.brickgame.game.race.CarTest" name="testLeft" time="0.0"/>
  <testcase classname="com.github.vitalibo.brickgame.game.race.CarTest" name="testRight" time="0.0"/>
  <testcase classname="com.github.vitalibo.brickgame.game.race.CarTest" name="testVerifyPassed" time="0.0"/>
  <testcase classname="com.github.vitalibo.brickgame.core.ControllerTest" name="testChangePause" time="0.001"/>
  <testcase classname="com.github.vitalibo.brickgame.core.ControllerTest" name="testChangeSound" time="0.001"/>
  <testcase classname="com.github.vitalibo.brickgame.core.ControllerTest" name="testDelegateKeyPressed" time="0.001"/>
  <testcase classname="com.github.vitalibo.brickgame.core.ControllerTest" name="testDelegateKeyPressed" time="0.001"/>
  <testcase classname="com.github.vitalibo.brickgame.core.ControllerTest" name="testDelegateKeyPressed" time="0.001"/>
  <testcase classname="com.github.vitalibo.brickgame.core.ControllerTest" name="testDelegateKeyPressed" time="0.0"/>
  <testcase classname="com.github.vitalibo.brickgame.core.ControllerTest" name="testDelegateKeyPressed" time="0.0"/>
  <testcase classname="com.github.vitalibo.brickgame.core.ControllerTest" name="testNotDelegateKeyPressed" time="0.0"/>
  <testcase classname="com.github.vitalibo.brickgame.core.ControllerTest" name="testNotDelegateKeyPressed" time="0.001"/>
  <testcase classname="com.github.vitalibo.brickgame.core.ControllerTest" name="testNotDelegateKeyPressed" time="0.0"/>
  <testcase classname="com.github.vitalibo.brickgame.core.ControllerTest" name="testNotDelegateKeyPressed" time="0.0"/>
  <testcase classname="com.github.vitalibo.brickgame.core.ControllerTest" name="testNotDelegateKeyPressed" time="0.0"/>
  <testcase classname="com.github.vitalibo.brickgame.core.ControllerTest" name="testReset" time="0.003"/>
  <testcase classname="com.github.vitalibo.brickgame.core.CountdownJobTest" name="testCountdown" time="0.1"/>
  <testcase classname="com.github.vitalibo.brickgame.core.ui.DigitTest" name="testNotRepaint" time="0.0"/>
  <testcase classname="com.github.vitalibo.brickgame.core.ui.DigitTest" name="testPaintDigit" time="0.065"/>
  <testcase classname="com.github.vitalibo.brickgame.core.ui.DigitTest" name="testPaintDigit" time="0.0"/>
  <testcase classname="com.github.vitalibo.brickgame.core.ui.DigitTest" name="testPaintDigit" time="0.0"/>
  <testcase classname="com.github.vitalibo.brickgame.core.ui.DigitTest" name="testPaintDigit" time="0.0"/>
  <testcase classname="com.github.vitalibo.brickgame.core.ui.DigitTest" name="testPaintDigit" time="0.001"/>
  <testcase classname="com.github.vitalibo.brickgame.core.ui.DigitTest" name="testPaintDigit" time="0.0"/>
  <testcase classname="com.github.vitalibo.brickgame.core.ui.DigitTest" name="testPaintDigit" time="0.001"/>
  <testcase classname="com.github.vitalibo.brickgame.core.ui.DigitTest" name="testPaintDigit" time="0.0"/>
  <testcase classname="com.github.vitalibo.brickgame.core.ui.DigitTest" name="testPaintDigit" time="0.0"/>
  <testcase classname="com.github.vitalibo.brickgame.core.ui.DigitTest" name="testPaintDigit" time="0.0"/>
  <testcase classname="com.github.vitalibo.brickgame.core.ui.DigitTest" name="testRepaint" time="0.0"/>
  <testcase classname="com.github.vitalibo.brickgame.core.ui.DigitTest" name="testRepaint" time="0.0"/>
  <testcase classname="com.github.vitalibo.brickgame.core.ui.DigitTest" name="testRepaint" time="0.001"/>
  <testcase classname="com.github.vitalibo.brickgame.core.ui.DigitTest" name="testRepaint" time="0.0"/>
  <testcase classname="com.github.vitalibo.brickgame.core.ui.DigitTest" name="testRepaint" time="0.0"/>
  <testcase classname="com.github.vitalibo.brickgame.core.ui.DigitTest" name="testRepaint" time="0.0"/>
  <testcase classname="com.github.vitalibo.brickgame.core.ui.DigitTest" name="testRepaint" time="0.0"/>
  <testcase classname="com.github.vitalibo.brickgame.core.ui.DigitTest" name="testRepaint" time="0.0"/>
  <testcase classname="com.github.vitalibo.brickgame.core.ui.DigitTest" name="testRepaint" time="0.001"/>
  <testcase classname="com.github.vitalibo.brickgame.core.ui.DigitTest" name="testRepaint" time="0.0"/>
  <testcase classname="com.github.vitalibo.brickgame.core.ui.DigitTest" name="testSetIllegalValue" time="0.001"/>
  <testcase classname="com.github.vitalibo.brickgame.core.ui.DigitTest" name="testSetIllegalValue" time="0.0"/>
  <testcase classname="com.github.vitalibo.brickgame.game.snake.DirectionTest" name="testReverse" time="0.0"/>
  <testcase classname="com.github.vitalibo.brickgame.game.snake.DirectionTest" name="testReverse" time="0.001"/>
  <testcase classname="com.github.vitalibo.brickgame.game.snake.DirectionTest" name="testReverse" time="0.0"/>
  <testcase classname="com.github.vitalibo.brickgame.game.snake.DirectionTest" name="testReverse" time="0.0"/>
  <testcase classname="com.github.vitalibo.brickgame.game.snake.DirectionTest" name="testReverse" time="0.0"/>
  <testcase classname="com.github.vitalibo.brickgame.game.tetris.tetromino.FactoryTest" name="testCreate" time="0.0"/>
  <testcase classname="com.github.vitalibo.brickgame.game.tetris.tetromino.FactoryTest" name="testCreate" time="0.001"/>
  <testcase classname="com.github.vitalibo.brickgame.game.tetris.tetromino.FactoryTest" name="testCreate" time="0.0"/>
  <testcase classname="com.github.vitalibo.brickgame.game.tetris.tetromino.FactoryTest" name="testCreate" time="0.0"/>
  <testcase classname="com.github.vitalibo.brickgame.game.tetris.tetromino.FactoryTest" name="testCreate" time="0.0"/>
  <testcase classname="com.github.vitalibo.brickgame.game.tetris.tetromino.FactoryTest" name="testCreate" time="0.001"/>
  <testcase classname="com.github.vitalibo.brickgame.game.tetris.tetromino.FactoryTest" name="testCreate" time="0.0"/>
  <testcase classname="com.github.vitalibo.brickgame.game.tetris.tetromino.FactoryTest" name="testGenerate" time="0.0"/>
  <testcase classname="com.github.vitalibo.brickgame.game.tetris.tetromino.FactoryTest" name="testGenerate" time="0.0"/>
  <testcase classname="com.github.vitalibo.brickgame.game.tetris.tetromino.FactoryTest" name="testGenerate" time="0.0"/>
  <testcase classname="com.github.vitalibo.brickgame.game.tetris.tetromino.FactoryTest" name="testGenerate" time="0.0"/>
  <testcase classname="com.github.vitalibo.brickgame.game.tetris.tetromino.FactoryTest" name="testGenerate" time="0.0"/>
  <testcase classname="com.github.vitalibo.brickgame.game.tetris.tetromino.FactoryTest" name="testGenerate" time="0.0"/>
  <testcase classname="com.github.vitalibo.brickgame.game.tetris.tetromino.FactoryTest" name="testGenerate" time="0.001"/>
  <testcase classname="com.github.vitalibo.brickgame.core.ui.IconPanelTest" name="testNotRepaint" time="0.0"/>
  <testcase classname="com.github.vitalibo.brickgame.core.ui.IconPanelTest" name="testNotRepaint" time="0.0"/>
  <testcase classname="com.github.vitalibo.brickgame.core.ui.IconPanelTest" name="testRepaint" time="0.0"/>
  <testcase classname="com.github.vitalibo.brickgame.core.ui.IconPanelTest" name="testRepaint" time="0.0"/>
  <testcase classname="com.github.vitalibo.brickgame.core.JobTest" name="testKill" time="0.051"/>
  <testcase classname="com.github.vitalibo.brickgame.core.JobTest" name="testPause" time="0.101"/>
  <testcase classname="com.github.vitalibo.brickgame.core.KernelTest" name="testJob" time="0.102"/>
  <testcase classname="com.github.vitalibo.brickgame.game.LifeTest" name="cleanUp" time="0.0"/>
  <testcase classname="com.github.vitalibo.brickgame.game.LifeTest" name="testNotRepaint" time="0.0"/>
  <testcase classname="com.github.vitalibo.brickgame.game.LifeTest" name="testRepaint" time="0.001"/>
  <testcase classname="com.github.vitalibo.brickgame.game.LifeTest" name="testRepaint" time="0.0"/>
  <testcase classname="com.github.vitalibo.brickgame.game.LifeTest" name="testRepaint" time="0.0"/>
  <testcase classname="com.github.vitalibo.brickgame.game.LifeTest" name="testRepaint" time="0.0"/>
  <testcase classname="com.github.vitalibo.brickgame.game.LifeTest" name="testRepaint" time="0.0"/>
  <testcase classname="com.github.vitalibo.brickgame.game.snake.MapTest" name="testCrashOnBorder" time="0.001"/>
  <testcase classname="com.github.vitalibo.brickgame.game.snake.MapTest" name="testCrashOnBorder" time="0.0"/>
  <testcase classname="com.github.vitalibo.brickgame.game.snake.MapTest" name="testCrashOnBorder" time="0.0"/>
  <testcase classname="com.github.vitalibo.brickgame.game.snake.MapTest" name="testCrashOnBorder" time="0.0"/>
  <testcase classname="com.github.vitalibo.brickgame.game.snake.MapTest" name="testLoadingMap" time="0.0"/>
  <testcase classname="com.github.vitalibo.brickgame.game.snake.MapTest" name="testLoadingMap" time="0.0"/>
  <testcase classname="com.github.vitalibo.brickgame.game.snake.MapTest" name="testLoadingMap" time="0.0"/>
  <testcase classname="com.github.vitalibo.brickgame.game.snake.MapTest" name="testLoadingMap" time="0.0"/>
  <testcase classname="com.github.vitalibo.brickgame.game.snake.MapTest" name="testLoadingMap" time="0.0"/>
  <testcase classname="com.github.vitalibo.brickgame.game.snake.MapTest" name="testLoadingMap" time="0.001"/>
  <testcase classname="com.github.vitalibo.brickgame.game.snake.MapTest" name="testLoadingMap" time="0.001"/>
  <testcase classname="com.github.vitalibo.brickgame.game.snake.MapTest" name="testLoadingMap" time="0.001"/>
  <testcase classname="com.github.vitalibo.brickgame.game.snake.MapTest" name="testLoadingMap" time="0.0"/>
  <testcase classname="com.github.vitalibo.brickgame.game.snake.MapTest" name="testLoadingMap" time="0.0"/>
  <testcase classname="com.github.vitalibo.brickgame.game.snake.MapTest" name="testLoadingMap" time="0.0"/>
  <testcase classname="com.github.vitalibo.brickgame.game.snake.MapTest" name="testLoadingMap" time="0.0"/>
  <testcase classname="com.github.vitalibo.brickgame.game.snake.MapTest" name="testLoadingMap" time="0.001"/>
  <testcase classname="com.github.vitalibo.brickgame.game.snake.MapTest" name="testLoadingMap" time="0.001"/>
  <testcase classname="com.github.vitalibo.brickgame.game.snake.MapTest" name="testLoadingMap" time="0.0"/>
  <testcase classname="com.github.vitalibo.brickgame.game.snake.MapTest" name="testLoadingMap" time="0.0"/>
  <testcase classname="com.github.vitalibo.brickgame.game.snake.MapTest" name="testUnmodifiableList" time="0.001"/>
  <testcase classname="com.github.vitalibo.brickgame.game.snake.MapTest" name="testVerifyPassed" time="0.0"/>
  <testcase classname="com.github.vitalibo.brickgame.game.snake.MapTest" name="testVerifyPassed" time="0.0"/>
  <testcase classname="com.github.vitalibo.brickgame.game.snake.MapTest" name="testVerifyPassed" time="0.0"/>
  <testcase classname="com.github.vitalibo.brickgame.game.snake.MapTest" name="testVerifyPassed" time="0.0"/>
  <testcase classname="com.github.vitalibo.brickgame.game.snake.MouseTest" name="testEatMouse" time="0.001"/>
  <testcase classname="com.github.vitalibo.brickgame.game.snake.MouseTest" name="testNextPoint" time="0.0"/>
  <testcase classname="com.github.vitalibo.brickgame.game.snake.MouseTest" name="testNextPoint" time="0.0"/>
  <testcase classname="com.github.vitalibo.brickgame.game.snake.MouseTest" name="testNextPoint" time="0.001"/>
  <testcase classname="com.github.vitalibo.brickgame.game.snake.MouseTest" name="testNextPoint" time="0.001"/>
  <testcase classname="com.github.vitalibo.brickgame.game.snake.MouseTest" name="testNextPoint" time="0.0"/>
  <testcase classname="com.github.vitalibo.brickgame.game.snake.MouseTest" name="testNextPoint" time="0.0"/>
  <testcase classname="com.github.vitalibo.brickgame.game.snake.MouseTest" name="testNextPoint" time="0.0"/>
  <testcase classname="com.github.vitalibo.brickgame.game.snake.MouseTest" name="testNextPoint" time="0.001"/>
  <testcase classname="com.github.vitalibo.brickgame.game.snake.MouseTest" name="testNextPoint" time="0.0"/>
  <testcase classname="com.github.vitalibo.brickgame.game.snake.MouseTest" name="testNextPoint" time="0.0"/>
  <testcase classname="com.github.vitalibo.brickgame.game.snake.MouseTest" name="testNextPoint" time="0.0"/>
  <testcase classname="com.github.vitalibo.brickgame.game.snake.MouseTest" name="testNextPoint" time="0.0"/>
  <testcase classname="com.github.vitalibo.brickgame.game.snake.MouseTest" name="testNextPoint" time="0.0"/>
  <testcase classname="com.github.vitalibo.brickgame.game.snake.MouseTest" name="testNextPoint" time="0.0"/>
  <testcase classname="com.github.vitalibo.brickgame.game.snake.MouseTest" name="testNextPoint" time="0.0"/>
  <testcase classname="com.github.vitalibo.brickgame.game.snake.MouseTest" name="testNextPoint" time="0.0"/>
  <testcase classname="com.github.vitalibo.brickgame.game.snake.MouseTest" name="testNextPoint" time="0.0"/>
  <testcase classname="com.github.vitalibo.brickgame.game.snake.MouseTest" name="testNextPoint" time="0.0"/>
  <testcase classname="com.github.vitalibo.brickgame.game.snake.MouseTest" name="testNextPoint" time="0.0"/>
  <testcase classname="com.github.vitalibo.brickgame.game.snake.MouseTest" name="testNextPoint" time="0.0"/>
  <testcase classname="com.github.vitalibo.brickgame.game.snake.MouseTest" name="testStream" time="0.0"/>
  <testcase classname="com.github.vitalibo.brickgame.core.ui.NumberPanelTest" name="testDigitSequence" time="0.002"/>
  <testcase classname="com.github.vitalibo.brickgame.core.ui.NumberPanelTest" name="testDigitSequence" time="0.001"/>
  <testcase classname="com.github.vitalibo.brickgame.core.ui.NumberPanelTest" name="testDigitSequence" time="0.0"/>
  <testcase classname="com.github.vitalibo.brickgame.core.ui.NumberPanelTest" name="testOverflowValue" time="0.0"/>
  <testcase classname="com.github.vitalibo.brickgame.core.ui.NumberPanelTest" name="testOverflowValue" time="0.0"/>
  <testcase classname="com.github.vitalibo.brickgame.core.ui.NumberPanelTest" name="testOverflowValue" time="0.001"/>
  <testcase classname="com.github.vitalibo.brickgame.core.ui.NumberPanelTest" name="testOverflowValue" time="0.0"/>
  <testcase classname="com.github.vitalibo.brickgame.core.ui.NumberPanelTest" name="testSetIllegalValue" time="0.0"/>
  <testcase classname="com.github.vitalibo.brickgame.core.NumberTest" name="testDec" time="0.001"/>
  <testcase classname="com.github.vitalibo.brickgame.core.NumberTest" name="testDec" time="0.0"/>
  <testcase classname="com.github.vitalibo.brickgame.core.NumberTest" name="testDec" time="0.0"/>
  <testcase classname="com.github.vitalibo.brickgame.core.NumberTest" name="testDecStep" time="0.0"/>
  <testcase classname="com.github.vitalibo.brickgame.core.NumberTest" name="testDecStep" time="0.0"/>
  <testcase classname="com.github.vitalibo.brickgame.core.NumberTest" name="testDecStep" time="0.0"/>
  <testcase classname="com.github.vitalibo.brickgame.core.NumberTest" name="testDecStep" time="0.0"/>
  <testcase classname="com.github.vitalibo.brickgame.core.NumberTest" name="testInc" time="0.0"/>
  <testcase classname="com.github.vitalibo.brickgame.core.NumberTest" name="testInc" time="0.0"/>
  <testcase classname="com.github.vitalibo.brickgame.core.NumberTest" name="testInc" time="0.0"/>
  <testcase classname="com.github.vitalibo.brickgame.core.NumberTest" name="testIncStep" time="0.0"/>
  <testcase classname="com.github.vitalibo.brickgame.core.NumberTest" name="testIncStep" time="0.0"/>
  <testcase classname="com.github.vitalibo.brickgame.core.NumberTest" name="testIncStep" time="0.0"/>
  <testcase classname="com.github.vitalibo.brickgame.core.NumberTest" name="testIncStep" time="0.0"/>
  <testcase classname="com.github.vitalibo.brickgame.game.PointTest" name="testMoveDown" time="0.0"/>
  <testcase classname="com.github.vitalibo.brickgame.game.PointTest" name="testMoveDown" time="0.001"/>
  <testcase classname="com.github.vitalibo.brickgame.game.PointTest" name="testMoveLeft" time="0.0"/>
  <testcase classname="com.github.vitalibo.brickgame.game.PointTest" name="testMoveLeft" time="0.0"/>
  <testcase classname="com.github.vitalibo.brickgame.game.PointTest" name="testMoveRight" time="0.0"/>
  <testcase classname="com.github.vitalibo.brickgame.game.PointTest" name="testMoveRight" time="0.0"/>
  <testcase classname="com.github.vitalibo.brickgame.game.PointTest" name="testMoveUp" time="0.0"/>
  <testcase classname="com.github.vitalibo.brickgame.game.PointTest" name="testMoveUp" time="0.0"/>
  <testcase classname="com.github.vitalibo.brickgame.game.PointTest" name="testVerifyFailed" time="0.0"/>
  <testcase classname="com.github.vitalibo.brickgame.game.PointTest" name="testVerifyFailed" time="0.0"/>
  <testcase classname="com.github.vitalibo.brickgame.game.PointTest" name="testVerifyFailed" time="0.001"/>
  <testcase classname="com.github.vitalibo.brickgame.game.PointTest" name="testVerifyFailed" time="0.0"/>
  <testcase classname="com.github.vitalibo.brickgame.game.PointTest" name="testVerifyPassed" time="0.0"/>
  <testcase classname="com.github.vitalibo.brickgame.game.PointTest" name="testVerifyPassed" time="0.0"/>
  <testcase classname="com.github.vitalibo.brickgame.game.race.RoadTest" name="testDown" time="0.0"/>
  <testcase classname="com.github.vitalibo.brickgame.game.ShapeTest" name="testShapeEquals" time="0.0"/>
  <testcase classname="com.github.vitalibo.brickgame.game.ShapeTest" name="testShapeEquals" time="0.001"/>
  <testcase classname="com.github.vitalibo.brickgame.game.snake.SnakeTest" name="testEatSelf" time="0.001"/>
  <testcase classname="com.github.vitalibo.brickgame.game.snake.SnakeTest" name="testEatSelf" time="0.0"/>
  <testcase classname="com.github.vitalibo.brickgame.game.snake.SnakeTest" name="testHead" time="0.0"/>
  <testcase classname="com.github.vitalibo.brickgame.game.snake.SnakeTest" name="testInit" time="0.0"/>
  <testcase classname="com.github.vitalibo.brickgame.game.snake.SnakeTest" name="testVerifyPassed" time="0.0"/>
  <testcase classname="com.github.vitalibo.brickgame.game.snake.SnakeTest" name="testVerifyPassed" time="0.0"/>
  <testcase classname="com.github.vitalibo.brickgame.core.StateTest" name="testChangeState" time="0.001"/>
  <testcase classname="com.github.vitalibo.brickgame.core.StateTest" name="testChangeState" time="0.0"/>
</testsuite> <!-- Command line test -->
