<?xml version="1.0" encoding="UTF-8"?>
<testng-results total="240" passed="240" failed="0" skipped="0">
  <reporter-output>
  </reporter-output>
  <suite started-at="2024-03-21T06:09:28Z" name="Command line suite" finished-at="2024-03-21T06:09:31Z" duration-ms="2946">
    <groups>
    </groups>
    <test started-at="2024-03-21T06:09:28Z" name="Command line test" finished-at="2024-03-21T06:09:31Z" duration-ms="2946">
      <class name="com.github.vitalibo.brickgame.core.ControllerTest">
        <test-method is-config="true" signature="setUp()[pri:0, instance:com.github.vitalibo.brickgame.core.ControllerTest@86be70a]" started-at="2024-03-21T11:39:29Z" name="setUp" finished-at="2024-03-21T11:39:30Z" duration-ms="911" status="PASS">
          <reporter-output>
          </reporter-output>
        </test-method> <!-- setUp -->
        <test-method signature="testChangePause()[pri:0, instance:com.github.vitalibo.brickgame.core.ControllerTest@86be70a]" started-at="2024-03-21T11:39:30Z" name="testChangePause" finished-at="2024-03-21T11:39:30Z" duration-ms="1" status="PASS">
          <reporter-output>
          </reporter-output>
        </test-method> <!-- testChangePause -->
        <test-method signature="testChangeSound()[pri:0, instance:com.github.vitalibo.brickgame.core.ControllerTest@86be70a]" started-at="2024-03-21T11:39:30Z" name="testChangeSound" finished-at="2024-03-21T11:39:30Z" duration-ms="1" status="PASS">
          <reporter-output>
          </reporter-output>
        </test-method> <!-- testChangeSound -->
        <test-method is-config="true" signature="setUp()[pri:0, instance:com.github.vitalibo.brickgame.core.ControllerTest@86be70a]" started-at="2024-03-21T11:39:30Z" name="setUp" finished-at="2024-03-21T11:39:30Z" duration-ms="0" status="PASS">
          <reporter-output>
          </reporter-output>
        </test-method> <!-- setUp -->
        <test-method signature="testDelegateKeyPressed(int, java.util.function.Consumer)[pri:0, instance:com.github.vitalibo.brickgame.core.ControllerTest@86be70a]" started-at="2024-03-21T11:39:30Z" name="testDelegateKeyPressed" data-provider="actions" finished-at="2024-03-21T11:39:30Z" duration-ms="1" status="PASS">
          <params>
            <param index="0">
              <value>
                <![CDATA[38]]>
              </value>
            </param>
            <param index="1">
              <value>
                <![CDATA[com.github.vitalibo.brickgame.core.ControllerTest$$Lambda$242/0x000000084025cc40@25c548d1]]>
              </value>
            </param>
          </params>
          <reporter-output>
          </reporter-output>
        </test-method> <!-- testDelegateKeyPressed -->
        <test-method is-config="true" signature="setUp()[pri:0, instance:com.github.vitalibo.brickgame.core.ControllerTest@86be70a]" started-at="2024-03-21T11:39:30Z" name="setUp" finished-at="2024-03-21T11:39:30Z" duration-ms="0" status="PASS">
          <reporter-output>
          </reporter-output>
        </test-method> <!-- setUp -->
        <test-method is-config="true" signature="setUp()[pri:0, instance:com.github.vitalibo.brickgame.core.ControllerTest@86be70a]" started-at="2024-03-21T11:39:30Z" name="setUp" finished-at="2024-03-21T11:39:30Z" duration-ms="0" status="PASS">
          <reporter-output>
          </reporter-output>
        </test-method> <!-- setUp -->
        <test-method signature="testDelegateKeyPressed(int, java.util.function.Consumer)[pri:0, instance:com.github.vitalibo.brickgame.core.ControllerTest@86be70a]" started-at="2024-03-21T11:39:30Z" name="testDelegateKeyPressed" data-provider="actions" finished-at="2024-03-21T11:39:30Z" duration-ms="1" status="PASS">
          <params>
            <param index="0">
              <value>
                <![CDATA[40]]>
              </value>
            </param>
            <param index="1">
              <value>
                <![CDATA[com.github.vitalibo.brickgame.core.ControllerTest$$Lambda$243/0x0000000840318040@476a2819]]>
              </value>
            </param>
          </params>
          <reporter-output>
          </reporter-output>
        </test-method> <!-- testDelegateKeyPressed -->
        <test-method signature="testDelegateKeyPressed(int, java.util.function.Consumer)[pri:0, instance:com.github.vitalibo.brickgame.core.ControllerTest@86be70a]" started-at="2024-03-21T11:39:30Z" name="testDelegateKeyPressed" data-provider="actions" finished-at="2024-03-21T11:39:30Z" duration-ms="1" status="PASS">
          <params>
            <param index="0">
              <value>
                <![CDATA[37]]>
              </value>
            </param>
            <param index="1">
              <value>
                <![CDATA[com.github.vitalibo.brickgame.core.ControllerTest$$Lambda$244/0x0000000840318440@279ab15e]]>
              </value>
            </param>
          </params>
          <reporter-output>
          </reporter-output>
        </test-method> <!-- testDelegateKeyPressed -->
        <test-method is-config="true" signature="setUp()[pri:0, instance:com.github.vitalibo.brickgame.core.ControllerTest@86be70a]" started-at="2024-03-21T11:39:30Z" name="setUp" finished-at="2024-03-21T11:39:30Z" duration-ms="0" status="PASS">
          <reporter-output>
          </reporter-output>
        </test-method> <!-- setUp -->
        <test-method is-config="true" signature="setUp()[pri:0, instance:com.github.vitalibo.brickgame.core.ControllerTest@86be70a]" started-at="2024-03-21T11:39:30Z" name="setUp" finished-at="2024-03-21T11:39:30Z" duration-ms="1" status="PASS">
          <reporter-output>
          </reporter-output>
        </test-method> <!-- setUp -->
        <test-method signature="testDelegateKeyPressed(int, java.util.function.Consumer)[pri:0, instance:com.github.vitalibo.brickgame.core.ControllerTest@86be70a]" started-at="2024-03-21T11:39:30Z" name="testDelegateKeyPressed" data-provider="actions" finished-at="2024-03-21T11:39:30Z" duration-ms="0" status="PASS">
          <params>
            <param index="0">
              <value>
                <![CDATA[39]]>
              </value>
            </param>
            <param index="1">
              <value>
                <![CDATA[com.github.vitalibo.brickgame.core.ControllerTest$$Lambda$245/0x0000000840318840@571c2ed8]]>
              </value>
            </param>
          </params>
          <reporter-output>
          </reporter-output>
        </test-method> <!-- testDelegateKeyPressed -->
        <test-method is-config="true" signature="setUp()[pri:0, instance:com.github.vitalibo.brickgame.core.ControllerTest@86be70a]" started-at="2024-03-21T11:39:30Z" name="setUp" finished-at="2024-03-21T11:39:30Z" duration-ms="1" status="PASS">
          <reporter-output>
          </reporter-output>
        </test-method> <!-- setUp -->
        <test-method signature="testDelegateKeyPressed(int, java.util.function.Consumer)[pri:0, instance:com.github.vitalibo.brickgame.core.ControllerTest@86be70a]" started-at="2024-03-21T11:39:30Z" name="testDelegateKeyPressed" data-provider="actions" finished-at="2024-03-21T11:39:30Z" duration-ms="0" status="PASS">
          <params>
            <param index="0">
              <value>
                <![CDATA[32]]>
              </value>
            </param>
            <param index="1">
              <value>
                <![CDATA[com.github.vitalibo.brickgame.core.ControllerTest$$Lambda$246/0x0000000840318c40@5810772a]]>
              </value>
            </param>
          </params>
          <reporter-output>
          </reporter-output>
        </test-method> <!-- testDelegateKeyPressed -->
        <test-method is-config="true" signature="setUp()[pri:0, instance:com.github.vitalibo.brickgame.core.ControllerTest@86be70a]" started-at="2024-03-21T11:39:30Z" name="setUp" finished-at="2024-03-21T11:39:30Z" duration-ms="1" status="PASS">
          <reporter-output>
          </reporter-output>
        </test-method> <!-- setUp -->
        <test-method signature="testNotDelegateKeyPressed(int, java.util.function.Consumer)[pri:0, instance:com.github.vitalibo.brickgame.core.ControllerTest@86be70a]" started-at="2024-03-21T11:39:30Z" name="testNotDelegateKeyPressed" data-provider="actions" finished-at="2024-03-21T11:39:30Z" duration-ms="0" status="PASS">
          <params>
            <param index="0">
              <value>
                <![CDATA[38]]>
              </value>
            </param>
            <param index="1">
              <value>
                <![CDATA[com.github.vitalibo.brickgame.core.ControllerTest$$Lambda$242/0x000000084025cc40@25c548d1]]>
              </value>
            </param>
          </params>
          <reporter-output>
          </reporter-output>
        </test-method> <!-- testNotDelegateKeyPressed -->
        <test-method is-config="true" signature="setUp()[pri:0, instance:com.github.vitalibo.brickgame.core.ControllerTest@86be70a]" started-at="2024-03-21T11:39:30Z" name="setUp" finished-at="2024-03-21T11:39:30Z" duration-ms="1" status="PASS">
          <reporter-output>
          </reporter-output>
        </test-method> <!-- setUp -->
        <test-method signature="testNotDelegateKeyPressed(int, java.util.function.Consumer)[pri:0, instance:com.github.vitalibo.brickgame.core.ControllerTest@86be70a]" started-at="2024-03-21T11:39:30Z" name="testNotDelegateKeyPressed" data-provider="actions" finished-at="2024-03-21T11:39:30Z" duration-ms="1" status="PASS">
          <params>
            <param index="0">
              <value>
                <![CDATA[40]]>
              </value>
            </param>
            <param index="1">
              <value>
                <![CDATA[com.github.vitalibo.brickgame.core.ControllerTest$$Lambda$243/0x0000000840318040@476a2819]]>
              </value>
            </param>
          </params>
          <reporter-output>
          </reporter-output>
        </test-method> <!-- testNotDelegateKeyPressed -->
        <test-method signature="testNotDelegateKeyPressed(int, java.util.function.Consumer)[pri:0, instance:com.github.vitalibo.brickgame.core.ControllerTest@86be70a]" started-at="2024-03-21T11:39:30Z" name="testNotDelegateKeyPressed" data-provider="actions" finished-at="2024-03-21T11:39:30Z" duration-ms="0" status="PASS">
          <params>
            <param index="0">
              <value>
                <![CDATA[37]]>
              </value>
            </param>
            <param index="1">
              <value>
                <![CDATA[com.github.vitalibo.brickgame.core.ControllerTest$$Lambda$244/0x0000000840318440@279ab15e]]>
              </value>
            </param>
          </params>
          <reporter-output>
          </reporter-output>
        </test-method> <!-- testNotDelegateKeyPressed -->
        <test-method is-config="true" signature="setUp()[pri:0, instance:com.github.vitalibo.brickgame.core.ControllerTest@86be70a]" started-at="2024-03-21T11:39:30Z" name="setUp" finished-at="2024-03-21T11:39:30Z" duration-ms="1" status="PASS">
          <reporter-output>
          </reporter-output>
        </test-method> <!-- setUp -->
        <test-method is-config="true" signature="setUp()[pri:0, instance:com.github.vitalibo.brickgame.core.ControllerTest@86be70a]" started-at="2024-03-21T11:39:30Z" name="setUp" finished-at="2024-03-21T11:39:30Z" duration-ms="0" status="PASS">
          <reporter-output>
          </reporter-output>
        </test-method> <!-- setUp -->
        <test-method is-config="true" signature="setUp()[pri:0, instance:com.github.vitalibo.brickgame.core.ControllerTest@86be70a]" started-at="2024-03-21T11:39:30Z" name="setUp" finished-at="2024-03-21T11:39:30Z" duration-ms="1" status="PASS">
          <reporter-output>
          </reporter-output>
        </test-method> <!-- setUp -->
        <test-method signature="testNotDelegateKeyPressed(int, java.util.function.Consumer)[pri:0, instance:com.github.vitalibo.brickgame.core.ControllerTest@86be70a]" started-at="2024-03-21T11:39:30Z" name="testNotDelegateKeyPressed" data-provider="actions" finished-at="2024-03-21T11:39:30Z" duration-ms="0" status="PASS">
          <params>
            <param index="0">
              <value>
                <![CDATA[39]]>
              </value>
            </param>
            <param index="1">
              <value>
                <![CDATA[com.github.vitalibo.brickgame.core.ControllerTest$$Lambda$245/0x0000000840318840@571c2ed8]]>
              </value>
            </param>
          </params>
          <reporter-output>
          </reporter-output>
        </test-method> <!-- testNotDelegateKeyPressed -->
        <test-method is-config="true" signature="setUp()[pri:0, instance:com.github.vitalibo.brickgame.core.ControllerTest@86be70a]" started-at="2024-03-21T11:39:30Z" name="setUp" finished-at="2024-03-21T11:39:30Z" duration-ms="1" status="PASS">
          <reporter-output>
          </reporter-output>
        </test-method> <!-- setUp -->
        <test-method signature="testNotDelegateKeyPressed(int, java.util.function.Consumer)[pri:0, instance:com.github.vitalibo.brickgame.core.ControllerTest@86be70a]" started-at="2024-03-21T11:39:30Z" name="testNotDelegateKeyPressed" data-provider="actions" finished-at="2024-03-21T11:39:30Z" duration-ms="0" status="PASS">
          <params>
            <param index="0">
              <value>
                <![CDATA[32]]>
              </value>
            </param>
            <param index="1">
              <value>
                <![CDATA[com.github.vitalibo.brickgame.core.ControllerTest$$Lambda$246/0x0000000840318c40@5810772a]]>
              </value>
            </param>
          </params>
          <reporter-output>
          </reporter-output>
        </test-method> <!-- testNotDelegateKeyPressed -->
        <test-method signature="testReset()[pri:0, instance:com.github.vitalibo.brickgame.core.ControllerTest@86be70a]" started-at="2024-03-21T11:39:30Z" name="testReset" finished-at="2024-03-21T11:39:30Z" duration-ms="3" status="PASS">
          <reporter-output>
          </reporter-output>
        </test-method> <!-- testReset -->
      </class> <!-- com.github.vitalibo.brickgame.core.ControllerTest -->
      <class name="com.github.vitalibo.brickgame.core.KernelTest">
        <test-method is-config="true" signature="setUp()[pri:0, instance:com.github.vitalibo.brickgame.core.KernelTest@5bb21b69]" started-at="2024-03-21T11:39:31Z" name="setUp" finished-at="2024-03-21T11:39:31Z" duration-ms="5" status="PASS">
          <reporter-output>
          </reporter-output>
        </test-method> <!-- setUp -->
        <test-method signature="testJob()[pri:0, instance:com.github.vitalibo.brickgame.core.KernelTest@5bb21b69]" started-at="2024-03-21T11:39:31Z" name="testJob" finished-at="2024-03-21T11:39:31Z" duration-ms="102" status="PASS">
          <reporter-output>
          </reporter-output>
        </test-method> <!-- testJob -->
      </class> <!-- com.github.vitalibo.brickgame.core.KernelTest -->
      <class name="com.github.vitalibo.brickgame.core.ui.BrickTest">
        <test-method is-config="true" signature="setUp()[pri:0, instance:com.github.vitalibo.brickgame.core.ui.BrickTest@29b5cd00]" started-at="2024-03-21T11:39:29Z" name="setUp" finished-at="2024-03-21T11:39:29Z" duration-ms="758" status="PASS">
          <reporter-output>
          </reporter-output>
        </test-method> <!-- setUp -->
        <test-method signature="testNotRepaint()[pri:0, instance:com.github.vitalibo.brickgame.core.ui.BrickTest@29b5cd00]" started-at="2024-03-21T11:39:29Z" name="testNotRepaint" finished-at="2024-03-21T11:39:29Z" duration-ms="4" status="PASS">
          <reporter-output>
          </reporter-output>
        </test-method> <!-- testNotRepaint -->
        <test-method signature="testPaintState(boolean, java.awt.Color)[pri:0, instance:com.github.vitalibo.brickgame.core.ui.BrickTest@29b5cd00]" started-at="2024-03-21T11:39:29Z" name="testPaintState" data-provider="samples" finished-at="2024-03-21T11:39:29Z" duration-ms="56" status="PASS">
          <params>
            <param index="0">
              <value>
                <![CDATA[false]]>
              </value>
            </param>
            <param index="1">
              <value>
                <![CDATA[java.awt.Color[r=97,g=112,b=91]]]>
              </value>
            </param>
          </params>
          <reporter-output>
          </reporter-output>
        </test-method> <!-- testPaintState -->
        <test-method is-config="true" signature="setUp()[pri:0, instance:com.github.vitalibo.brickgame.core.ui.BrickTest@29b5cd00]" started-at="2024-03-21T11:39:29Z" name="setUp" finished-at="2024-03-21T11:39:29Z" duration-ms="0" status="PASS">
          <reporter-output>
          </reporter-output>
        </test-method> <!-- setUp -->
        <test-method signature="testPaintState(boolean, java.awt.Color)[pri:0, instance:com.github.vitalibo.brickgame.core.ui.BrickTest@29b5cd00]" started-at="2024-03-21T11:39:29Z" name="testPaintState" data-provider="samples" finished-at="2024-03-21T11:39:29Z" duration-ms="1" status="PASS">
          <params>
            <param index="0">
              <value>
                <![CDATA[true]]>
              </value>
            </param>
            <param index="1">
              <value>
                <![CDATA[java.awt.Color[r=0,g=0,b=0]]]>
              </value>
            </param>
          </params>
          <reporter-output>
          </reporter-output>
        </test-method> <!-- testPaintState -->
        <test-method is-config="true" signature="setUp()[pri:0, instance:com.github.vitalibo.brickgame.core.ui.BrickTest@29b5cd00]" started-at="2024-03-21T11:39:29Z" name="setUp" finished-at="2024-03-21T11:39:29Z" duration-ms="0" status="PASS">
          <reporter-output>
          </reporter-output>
        </test-method> <!-- setUp -->
        <test-method is-config="true" signature="setUp()[pri:0, instance:com.github.vitalibo.brickgame.core.ui.BrickTest@29b5cd00]" started-at="2024-03-21T11:39:29Z" name="setUp" finished-at="2024-03-21T11:39:29Z" duration-ms="0" status="PASS">
          <reporter-output>
          </reporter-output>
        </test-method> <!-- setUp -->
        <test-method signature="testRepaint()[pri:0, instance:com.github.vitalibo.brickgame.core.ui.BrickTest@29b5cd00]" started-at="2024-03-21T11:39:29Z" name="testRepaint" finished-at="2024-03-21T11:39:29Z" duration-ms="0" status="PASS">
          <reporter-output>
          </reporter-output>
        </test-method> <!-- testRepaint -->
      </class> <!-- com.github.vitalibo.brickgame.core.ui.BrickTest -->
      <class name="com.github.vitalibo.brickgame.core.CountdownJobTest">
        <test-method signature="testCountdown()[pri:0, instance:com.github.vitalibo.brickgame.core.CountdownJobTest@26a7b76d]" started-at="2024-03-21T11:39:30Z" name="testCountdown" finished-at="2024-03-21T11:39:31Z" duration-ms="100" status="PASS">
          <reporter-output>
          </reporter-output>
        </test-method> <!-- testCountdown -->
        <test-method is-config="true" signature="setUp()[pri:0, instance:com.github.vitalibo.brickgame.core.CountdownJobTest@26a7b76d]" started-at="2024-03-21T11:39:30Z" name="setUp" finished-at="2024-03-21T11:39:30Z" duration-ms="0" status="PASS">
          <reporter-output>
          </reporter-output>
        </test-method> <!-- setUp -->
      </class> <!-- com.github.vitalibo.brickgame.core.CountdownJobTest -->
      <class name="com.github.vitalibo.brickgame.game.snake.MouseTest">
        <test-method is-config="true" signature="setUp()[pri:0, instance:com.github.vitalibo.brickgame.game.snake.MouseTest@37d31475]" started-at="2024-03-21T11:39:31Z" name="setUp" finished-at="2024-03-21T11:39:31Z" duration-ms="0" status="PASS">
          <reporter-output>
          </reporter-output>
        </test-method> <!-- setUp -->
        <test-method signature="testEatMouse()[pri:0, instance:com.github.vitalibo.brickgame.game.snake.MouseTest@37d31475]" started-at="2024-03-21T11:39:31Z" name="testEatMouse" finished-at="2024-03-21T11:39:31Z" duration-ms="1" status="PASS">
          <reporter-output>
          </reporter-output>
        </test-method> <!-- testEatMouse -->
        <test-method is-config="true" signature="setUp()[pri:0, instance:com.github.vitalibo.brickgame.game.snake.MouseTest@37d31475]" started-at="2024-03-21T11:39:31Z" name="setUp" finished-at="2024-03-21T11:39:31Z" duration-ms="0" status="PASS">
          <reporter-output>
          </reporter-output>
        </test-method> <!-- setUp -->
        <test-method is-config="true" signature="setUp()[pri:0, instance:com.github.vitalibo.brickgame.game.snake.MouseTest@37d31475]" started-at="2024-03-21T11:39:31Z" name="setUp" finished-at="2024-03-21T11:39:31Z" duration-ms="0" status="PASS">
          <reporter-output>
          </reporter-output>
        </test-method> <!-- setUp -->
        <test-method is-config="true" signature="setUp()[pri:0, instance:com.github.vitalibo.brickgame.game.snake.MouseTest@37d31475]" started-at="2024-03-21T11:39:31Z" name="setUp" finished-at="2024-03-21T11:39:31Z" duration-ms="0" status="PASS">
          <reporter-output>
          </reporter-output>
        </test-method> <!-- setUp -->
        <test-method signature="testNextPoint(java.util.List, com.github.vitalibo.brickgame.game.Point)[pri:0, instance:com.github.vitalibo.brickgame.game.snake.MouseTest@37d31475]" started-at="2024-03-21T11:39:31Z" name="testNextPoint" data-provider="generator" finished-at="2024-03-21T11:39:31Z" duration-ms="1" status="PASS">
          <params>
            <param index="0">
              <value>
                <![CDATA[[Point(y=0, x=0), Point(y=0, x=1), Point(y=0, x=2), Point(y=0, x=3), Point(y=0, x=4), Point(y=0, x=5), Point(y=0, x=6), Point(y=0, x=7), Point(y=0, x=8), Point(y=0, x=9), Point(y=1, x=0), Point(y=1, x=1), Point(y=1, x=2), Point(y=1, x=3), Point(y=1, x=4), Point(y=1, x=5), Point(y=1, x=6), Point(y=1, x=7), Point(y=1, x=8), Point(y=1, x=9), Point(y=2, x=0), Point(y=2, x=1), Point(y=2, x=2), Point(y=2, x=3), Point(y=2, x=4), Point(y=2, x=5), Point(y=2, x=6), Point(y=2, x=7), Point(y=2, x=8), Point(y=2, x=9), Point(y=3, x=0), Point(y=3, x=1), Point(y=3, x=2), Point(y=3, x=3), Point(y=3, x=4), Point(y=3, x=5), Point(y=3, x=6), Point(y=3, x=7), Point(y=3, x=8), Point(y=3, x=9), Point(y=4, x=0), Point(y=4, x=1), Point(y=4, x=2), Point(y=4, x=3), Point(y=4, x=4), Point(y=4, x=5), Point(y=4, x=6), Point(y=4, x=7), Point(y=4, x=8), Point(y=4, x=9), Point(y=5, x=0), Point(y=5, x=1), Point(y=5, x=2), Point(y=5, x=3), Point(y=5, x=4), Point(y=5, x=5), Point(y=5, x=6), Point(y=5, x=7), Point(y=5, x=8), Point(y=5, x=9), Point(y=6, x=0), Point(y=6, x=1), Point(y=6, x=2), Point(y=6, x=3), Point(y=6, x=4), Point(y=6, x=5), Point(y=6, x=6), Point(y=6, x=7), Point(y=6, x=8), Point(y=6, x=9), Point(y=7, x=0), Point(y=7, x=1), Point(y=7, x=2), Point(y=7, x=3), Point(y=7, x=4), Point(y=7, x=5), Point(y=7, x=6), Point(y=7, x=7), Point(y=7, x=8), Point(y=7, x=9), Point(y=8, x=0), Point(y=8, x=1), Point(y=8, x=2), Point(y=8, x=3), Point(y=8, x=4), Point(y=8, x=5), Point(y=8, x=6), Point(y=8, x=7), Point(y=8, x=8), Point(y=8, x=9), Point(y=9, x=0), Point(y=9, x=1), Point(y=9, x=2), Point(y=9, x=3), Point(y=9, x=4), Point(y=9, x=6), Point(y=9, x=7), Point(y=9, x=8), Point(y=9, x=9), Point(y=10, x=0), Point(y=10, x=1), Point(y=10, x=2), Point(y=10, x=3), Point(y=10, x=4), Point(y=10, x=5), Point(y=10, x=6), Point(y=10, x=7), Point(y=10, x=8), Point(y=10, x=9), Point(y=11, x=0), Point(y=11, x=1), Point(y=11, x=2), Point(y=11, x=3), Point(y=11, x=4), Point(y=11, x=5), Point(y=11, x=6), Point(y=11, x=7), Point(y=11, x=8), Point(y=11, x=9), Point(y=12, x=0), Point(y=12, x=1), Point(y=12, x=2), Point(y=12, x=3), Point(y=12, x=4), Point(y=12, x=5), Point(y=12, x=6), Point(y=12, x=7), Point(y=12, x=8), Point(y=12, x=9), Point(y=13, x=0), Point(y=13, x=1), Point(y=13, x=2), Point(y=13, x=3), Point(y=13, x=4), Point(y=13, x=5), Point(y=13, x=6), Point(y=13, x=7), Point(y=13, x=8), Point(y=13, x=9), Point(y=14, x=0), Point(y=14, x=1), Point(y=14, x=2), Point(y=14, x=3), Point(y=14, x=4), Point(y=14, x=5), Point(y=14, x=6), Point(y=14, x=7), Point(y=14, x=8), Point(y=14, x=9), Point(y=15, x=0), Point(y=15, x=1), Point(y=15, x=2), Point(y=15, x=3), Point(y=15, x=4), Point(y=15, x=5), Point(y=15, x=6), Point(y=15, x=7), Point(y=15, x=8), Point(y=15, x=9), Point(y=16, x=0), Point(y=16, x=1), Point(y=16, x=2), Point(y=16, x=3), Point(y=16, x=4), Point(y=16, x=5), Point(y=16, x=6), Point(y=16, x=7), Point(y=16, x=8), Point(y=16, x=9), Point(y=17, x=0), Point(y=17, x=1), Point(y=17, x=2), Point(y=17, x=3), Point(y=17, x=4), Point(y=17, x=5), Point(y=17, x=6), Point(y=17, x=7), Point(y=17, x=8), Point(y=17, x=9), Point(y=18, x=0), Point(y=18, x=1), Point(y=18, x=2), Point(y=18, x=3), Point(y=18, x=4), Point(y=18, x=5), Point(y=18, x=6), Point(y=18, x=7), Point(y=18, x=8), Point(y=18, x=9), Point(y=19, x=0), Point(y=19, x=1), Point(y=19, x=2), Point(y=19, x=3), Point(y=19, x=4), Point(y=19, x=5), Point(y=19, x=6), Point(y=19, x=7), Point(y=19, x=8), Point(y=19, x=9)]]]>
              </value>
            </param>
            <param index="1">
              <value>
                <![CDATA[Point(y=9, x=5)]]>
              </value>
            </param>
          </params>
          <reporter-output>
          </reporter-output>
        </test-method> <!-- testNextPoint -->
        <test-method signature="testNextPoint(java.util.List, com.github.vitalibo.brickgame.game.Point)[pri:0, instance:com.github.vitalibo.brickgame.game.snake.MouseTest@37d31475]" started-at="2024-03-21T11:39:31Z" name="testNextPoint" data-provider="generator" finished-at="2024-03-21T11:39:31Z" duration-ms="0" status="PASS">
          <params>
            <param index="0">
              <value>
                <![CDATA[[Point(y=0, x=0), Point(y=0, x=1), Point(y=0, x=2), Point(y=0, x=3), Point(y=0, x=4), Point(y=0, x=5), Point(y=0, x=6), Point(y=0, x=7), Point(y=0, x=8), Point(y=0, x=9), Point(y=1, x=0), Point(y=1, x=1), Point(y=1, x=2), Point(y=1, x=3), Point(y=1, x=4), Point(y=1, x=5), Point(y=1, x=6), Point(y=1, x=7), Point(y=1, x=8), Point(y=1, x=9), Point(y=2, x=0), Point(y=2, x=1), Point(y=2, x=2), Point(y=2, x=3), Point(y=2, x=4), Point(y=2, x=5), Point(y=2, x=6), Point(y=2, x=7), Point(y=2, x=8), Point(y=2, x=9), Point(y=3, x=0), Point(y=3, x=1), Point(y=3, x=2), Point(y=3, x=3), Point(y=3, x=4), Point(y=3, x=5), Point(y=3, x=6), Point(y=3, x=7), Point(y=3, x=8), Point(y=3, x=9), Point(y=4, x=0), Point(y=4, x=1), Point(y=4, x=2), Point(y=4, x=3), Point(y=4, x=4), Point(y=4, x=5), Point(y=4, x=6), Point(y=4, x=7), Point(y=4, x=8), Point(y=4, x=9), Point(y=5, x=0), Point(y=5, x=1), Point(y=5, x=2), Point(y=5, x=3), Point(y=5, x=4), Point(y=5, x=5), Point(y=5, x=6), Point(y=5, x=7), Point(y=5, x=8), Point(y=5, x=9), Point(y=6, x=0), Point(y=6, x=1), Point(y=6, x=2), Point(y=6, x=3), Point(y=6, x=4), Point(y=6, x=5), Point(y=6, x=6), Point(y=6, x=7), Point(y=6, x=8), Point(y=6, x=9), Point(y=7, x=0), Point(y=7, x=1), Point(y=7, x=2), Point(y=7, x=3), Point(y=7, x=4), Point(y=7, x=5), Point(y=7, x=6), Point(y=7, x=7), Point(y=7, x=8), Point(y=7, x=9), Point(y=8, x=0), Point(y=8, x=1), Point(y=8, x=2), Point(y=8, x=3), Point(y=8, x=4), Point(y=8, x=5), Point(y=8, x=6), Point(y=8, x=7), Point(y=8, x=8), Point(y=8, x=9), Point(y=9, x=0), Point(y=9, x=1), Point(y=9, x=2), Point(y=9, x=3), Point(y=9, x=4), Point(y=9, x=5), Point(y=9, x=6), Point(y=9, x=7), Point(y=9, x=8), Point(y=9, x=9), Point(y=10, x=0), Point(y=10, x=1), Point(y=10, x=2), Point(y=10, x=3), Point(y=10, x=4), Point(y=10, x=6), Point(y=10, x=7), Point(y=10, x=8), Point(y=10, x=9), Point(y=11, x=0), Point(y=11, x=1), Point(y=11, x=2), Point(y=11, x=3), Point(y=11, x=4), Point(y=11, x=5), Point(y=11, x=6), Point(y=11, x=7), Point(y=11, x=8), Point(y=11, x=9), Point(y=12, x=0), Point(y=12, x=1), Point(y=12, x=2), Point(y=12, x=3), Point(y=12, x=4), Point(y=12, x=5), Point(y=12, x=6), Point(y=12, x=7), Point(y=12, x=8), Point(y=12, x=9), Point(y=13, x=0), Point(y=13, x=1), Point(y=13, x=2), Point(y=13, x=3), Point(y=13, x=4), Point(y=13, x=5), Point(y=13, x=6), Point(y=13, x=7), Point(y=13, x=8), Point(y=13, x=9), Point(y=14, x=0), Point(y=14, x=1), Point(y=14, x=2), Point(y=14, x=3), Point(y=14, x=4), Point(y=14, x=5), Point(y=14, x=6), Point(y=14, x=7), Point(y=14, x=8), Point(y=14, x=9), Point(y=15, x=0), Point(y=15, x=1), Point(y=15, x=2), Point(y=15, x=3), Point(y=15, x=4), Point(y=15, x=5), Point(y=15, x=6), Point(y=15, x=7), Point(y=15, x=8), Point(y=15, x=9), Point(y=16, x=0), Point(y=16, x=1), Point(y=16, x=2), Point(y=16, x=3), Point(y=16, x=4), Point(y=16, x=5), Point(y=16, x=6), Point(y=16, x=7), Point(y=16, x=8), Point(y=16, x=9), Point(y=17, x=0), Point(y=17, x=1), Point(y=17, x=2), Point(y=17, x=3), Point(y=17, x=4), Point(y=17, x=5), Point(y=17, x=6), Point(y=17, x=7), Point(y=17, x=8), Point(y=17, x=9), Point(y=18, x=0), Point(y=18, x=1), Point(y=18, x=2), Point(y=18, x=3), Point(y=18, x=4), Point(y=18, x=5), Point(y=18, x=6), Point(y=18, x=7), Point(y=18, x=8), Point(y=18, x=9), Point(y=19, x=0), Point(y=19, x=1), Point(y=19, x=2), Point(y=19, x=3), Point(y=19, x=4), Point(y=19, x=5), Point(y=19, x=6), Point(y=19, x=7), Point(y=19, x=8), Point(y=19, x=9)]]]>
              </value>
            </param>
            <param index="1">
              <value>
                <![CDATA[Point(y=10, x=5)]]>
              </value>
            </param>
          </params>
          <reporter-output>
          </reporter-output>
        </test-method> <!-- testNextPoint -->
        <test-method signature="testNextPoint(java.util.List, com.github.vitalibo.brickgame.game.Point)[pri:0, instance:com.github.vitalibo.brickgame.game.snake.MouseTest@37d31475]" started-at="2024-03-21T11:39:31Z" name="testNextPoint" data-provider="generator" finished-at="2024-03-21T11:39:31Z" duration-ms="0" status="PASS">
          <params>
            <param index="0">
              <value>
                <![CDATA[[Point(y=0, x=0), Point(y=0, x=1), Point(y=0, x=2), Point(y=0, x=3), Point(y=0, x=4), Point(y=0, x=5), Point(y=0, x=6), Point(y=0, x=7), Point(y=0, x=8), Point(y=0, x=9), Point(y=1, x=0), Point(y=1, x=1), Point(y=1, x=2), Point(y=1, x=3), Point(y=1, x=4), Point(y=1, x=5), Point(y=1, x=6), Point(y=1, x=7), Point(y=1, x=8), Point(y=1, x=9), Point(y=2, x=0), Point(y=2, x=1), Point(y=2, x=2), Point(y=2, x=3), Point(y=2, x=4), Point(y=2, x=5), Point(y=2, x=6), Point(y=2, x=7), Point(y=2, x=8), Point(y=2, x=9), Point(y=3, x=0), Point(y=3, x=1), Point(y=3, x=2), Point(y=3, x=3), Point(y=3, x=4), Point(y=3, x=5), Point(y=3, x=6), Point(y=3, x=7), Point(y=3, x=8), Point(y=3, x=9), Point(y=4, x=0), Point(y=4, x=1), Point(y=4, x=2), Point(y=4, x=3), Point(y=4, x=4), Point(y=4, x=5), Point(y=4, x=6), Point(y=4, x=7), Point(y=4, x=8), Point(y=4, x=9), Point(y=5, x=0), Point(y=5, x=1), Point(y=5, x=2), Point(y=5, x=3), Point(y=5, x=4), Point(y=5, x=5), Point(y=5, x=6), Point(y=5, x=7), Point(y=5, x=8), Point(y=5, x=9), Point(y=6, x=0), Point(y=6, x=1), Point(y=6, x=2), Point(y=6, x=3), Point(y=6, x=4), Point(y=6, x=5), Point(y=6, x=6), Point(y=6, x=7), Point(y=6, x=8), Point(y=6, x=9), Point(y=7, x=0), Point(y=7, x=1), Point(y=7, x=2), Point(y=7, x=3), Point(y=7, x=4), Point(y=7, x=5), Point(y=7, x=6), Point(y=7, x=7), Point(y=7, x=8), Point(y=7, x=9), Point(y=8, x=0), Point(y=8, x=2), Point(y=8, x=3), Point(y=8, x=4), Point(y=8, x=5), Point(y=8, x=6), Point(y=8, x=7), Point(y=8, x=8), Point(y=8, x=9), Point(y=9, x=0), Point(y=9, x=1), Point(y=9, x=2), Point(y=9, x=3), Point(y=9, x=4), Point(y=9, x=5), Point(y=9, x=6), Point(y=9, x=7), Point(y=9, x=8), Point(y=9, x=9), Point(y=10, x=0), Point(y=10, x=1), Point(y=10, x=2), Point(y=10, x=3), Point(y=10, x=4), Point(y=10, x=5), Point(y=10, x=6), Point(y=10, x=7), Point(y=10, x=8), Point(y=10, x=9), Point(y=11, x=0), Point(y=11, x=1), Point(y=11, x=2), Point(y=11, x=3), Point(y=11, x=4), Point(y=11, x=5), Point(y=11, x=6), Point(y=11, x=7), Point(y=11, x=8), Point(y=11, x=9), Point(y=12, x=0), Point(y=12, x=1), Point(y=12, x=2), Point(y=12, x=3), Point(y=12, x=4), Point(y=12, x=5), Point(y=12, x=6), Point(y=12, x=7), Point(y=12, x=8), Point(y=12, x=9), Point(y=13, x=0), Point(y=13, x=1), Point(y=13, x=2), Point(y=13, x=3), Point(y=13, x=4), Point(y=13, x=5), Point(y=13, x=6), Point(y=13, x=7), Point(y=13, x=8), Point(y=13, x=9), Point(y=14, x=0), Point(y=14, x=1), Point(y=14, x=2), Point(y=14, x=3), Point(y=14, x=4), Point(y=14, x=5), Point(y=14, x=6), Point(y=14, x=7), Point(y=14, x=8), Point(y=14, x=9), Point(y=15, x=0), Point(y=15, x=1), Point(y=15, x=2), Point(y=15, x=3), Point(y=15, x=4), Point(y=15, x=5), Point(y=15, x=6), Point(y=15, x=7), Point(y=15, x=8), Point(y=15, x=9), Point(y=16, x=0), Point(y=16, x=1), Point(y=16, x=2), Point(y=16, x=3), Point(y=16, x=4), Point(y=16, x=5), Point(y=16, x=6), Point(y=16, x=7), Point(y=16, x=8), Point(y=16, x=9), Point(y=17, x=0), Point(y=17, x=1), Point(y=17, x=2), Point(y=17, x=3), Point(y=17, x=4), Point(y=17, x=5), Point(y=17, x=6), Point(y=17, x=7), Point(y=17, x=8), Point(y=17, x=9), Point(y=18, x=0), Point(y=18, x=1), Point(y=18, x=2), Point(y=18, x=3), Point(y=18, x=4), Point(y=18, x=5), Point(y=18, x=6), Point(y=18, x=7), Point(y=18, x=8), Point(y=18, x=9), Point(y=19, x=0), Point(y=19, x=1), Point(y=19, x=2), Point(y=19, x=3), Point(y=19, x=4), Point(y=19, x=5), Point(y=19, x=6), Point(y=19, x=7), Point(y=19, x=8), Point(y=19, x=9)]]]>
              </value>
            </param>
            <param index="1">
              <value>
                <![CDATA[Point(y=8, x=1)]]>
              </value>
            </param>
          </params>
          <reporter-output>
          </reporter-output>
        </test-method> <!-- testNextPoint -->
        <test-method signature="testNextPoint(java.util.List, com.github.vitalibo.brickgame.game.Point)[pri:0, instance:com.github.vitalibo.brickgame.game.snake.MouseTest@37d31475]" started-at="2024-03-21T11:39:31Z" name="testNextPoint" data-provider="generator" finished-at="2024-03-21T11:39:31Z" duration-ms="1" status="PASS">
          <params>
            <param index="0">
              <value>
                <![CDATA[[Point(y=0, x=0), Point(y=0, x=1), Point(y=0, x=2), Point(y=0, x=3), Point(y=0, x=4), Point(y=0, x=5), Point(y=0, x=6), Point(y=0, x=7), Point(y=0, x=8), Point(y=0, x=9), Point(y=1, x=0), Point(y=1, x=1), Point(y=1, x=2), Point(y=1, x=4), Point(y=1, x=5), Point(y=1, x=6), Point(y=1, x=7), Point(y=1, x=8), Point(y=1, x=9), Point(y=2, x=0), Point(y=2, x=1), Point(y=2, x=2), Point(y=2, x=3), Point(y=2, x=4), Point(y=2, x=5), Point(y=2, x=6), Point(y=2, x=7), Point(y=2, x=8), Point(y=2, x=9), Point(y=3, x=0), Point(y=3, x=1), Point(y=3, x=2), Point(y=3, x=3), Point(y=3, x=4), Point(y=3, x=5), Point(y=3, x=6), Point(y=3, x=7), Point(y=3, x=8), Point(y=3, x=9), Point(y=4, x=0), Point(y=4, x=1), Point(y=4, x=2), Point(y=4, x=3), Point(y=4, x=4), Point(y=4, x=5), Point(y=4, x=6), Point(y=4, x=7), Point(y=4, x=8), Point(y=4, x=9), Point(y=5, x=0), Point(y=5, x=1), Point(y=5, x=2), Point(y=5, x=3), Point(y=5, x=4), Point(y=5, x=5), Point(y=5, x=6), Point(y=5, x=7), Point(y=5, x=8), Point(y=5, x=9), Point(y=6, x=0), Point(y=6, x=1), Point(y=6, x=2), Point(y=6, x=3), Point(y=6, x=4), Point(y=6, x=5), Point(y=6, x=6), Point(y=6, x=7), Point(y=6, x=8), Point(y=6, x=9), Point(y=7, x=0), Point(y=7, x=1), Point(y=7, x=2), Point(y=7, x=3), Point(y=7, x=4), Point(y=7, x=5), Point(y=7, x=6), Point(y=7, x=7), Point(y=7, x=8), Point(y=7, x=9), Point(y=8, x=0), Point(y=8, x=1), Point(y=8, x=2), Point(y=8, x=3), Point(y=8, x=4), Point(y=8, x=5), Point(y=8, x=6), Point(y=8, x=7), Point(y=8, x=8), Point(y=8, x=9), Point(y=9, x=0), Point(y=9, x=1), Point(y=9, x=2), Point(y=9, x=3), Point(y=9, x=4), Point(y=9, x=5), Point(y=9, x=6), Point(y=9, x=7), Point(y=9, x=8), Point(y=9, x=9), Point(y=10, x=0), Point(y=10, x=1), Point(y=10, x=2), Point(y=10, x=3), Point(y=10, x=4), Point(y=10, x=5), Point(y=10, x=6), Point(y=10, x=7), Point(y=10, x=8), Point(y=10, x=9), Point(y=11, x=0), Point(y=11, x=1), Point(y=11, x=2), Point(y=11, x=3), Point(y=11, x=4), Point(y=11, x=5), Point(y=11, x=6), Point(y=11, x=7), Point(y=11, x=8), Point(y=11, x=9), Point(y=12, x=0), Point(y=12, x=1), Point(y=12, x=2), Point(y=12, x=3), Point(y=12, x=4), Point(y=12, x=5), Point(y=12, x=6), Point(y=12, x=7), Point(y=12, x=8), Point(y=12, x=9), Point(y=13, x=0), Point(y=13, x=1), Point(y=13, x=2), Point(y=13, x=3), Point(y=13, x=4), Point(y=13, x=5), Point(y=13, x=6), Point(y=13, x=7), Point(y=13, x=8), Point(y=13, x=9), Point(y=14, x=0), Point(y=14, x=1), Point(y=14, x=2), Point(y=14, x=3), Point(y=14, x=4), Point(y=14, x=5), Point(y=14, x=6), Point(y=14, x=7), Point(y=14, x=8), Point(y=14, x=9), Point(y=15, x=0), Point(y=15, x=1), Point(y=15, x=2), Point(y=15, x=3), Point(y=15, x=4), Point(y=15, x=5), Point(y=15, x=6), Point(y=15, x=7), Point(y=15, x=8), Point(y=15, x=9), Point(y=16, x=0), Point(y=16, x=1), Point(y=16, x=2), Point(y=16, x=3), Point(y=16, x=4), Point(y=16, x=5), Point(y=16, x=6), Point(y=16, x=7), Point(y=16, x=8), Point(y=16, x=9), Point(y=17, x=0), Point(y=17, x=1), Point(y=17, x=2), Point(y=17, x=3), Point(y=17, x=4), Point(y=17, x=5), Point(y=17, x=6), Point(y=17, x=7), Point(y=17, x=8), Point(y=17, x=9), Point(y=18, x=0), Point(y=18, x=1), Point(y=18, x=2), Point(y=18, x=3), Point(y=18, x=4), Point(y=18, x=5), Point(y=18, x=6), Point(y=18, x=7), Point(y=18, x=8), Point(y=18, x=9), Point(y=19, x=0), Point(y=19, x=1), Point(y=19, x=2), Point(y=19, x=3), Point(y=19, x=4), Point(y=19, x=5), Point(y=19, x=6), Point(y=19, x=7), Point(y=19, x=8), Point(y=19, x=9)]]]>
              </value>
            </param>
            <param index="1">
              <value>
                <![CDATA[Point(y=1, x=3)]]>
              </value>
            </param>
          </params>
          <reporter-output>
          </reporter-output>
        </test-method> <!-- testNextPoint -->
        <test-method is-config="true" signature="setUp()[pri:0, instance:com.github.vitalibo.brickgame.game.snake.MouseTest@37d31475]" started-at="2024-03-21T11:39:31Z" name="setUp" finished-at="2024-03-21T11:39:31Z" duration-ms="0" status="PASS">
          <reporter-output>
          </reporter-output>
        </test-method> <!-- setUp -->
        <test-method is-config="true" signature="setUp()[pri:0, instance:com.github.vitalibo.brickgame.game.snake.MouseTest@37d31475]" started-at="2024-03-21T11:39:31Z" name="setUp" finished-at="2024-03-21T11:39:31Z" duration-ms="0" status="PASS">
          <reporter-output>
          </reporter-output>
        </test-method> <!-- setUp -->
        <test-method signature="testNextPoint(java.util.List, com.github.vitalibo.brickgame.game.Point)[pri:0, instance:com.github.vitalibo.brickgame.game.snake.MouseTest@37d31475]" started-at="2024-03-21T11:39:31Z" name="testNextPoint" data-provider="generator" finished-at="2024-03-21T11:39:31Z" duration-ms="1" status="PASS">
          <params>
            <param index="0">
              <value>
                <![CDATA[[Point(y=0, x=0), Point(y=0, x=1), Point(y=0, x=2), Point(y=0, x=3), Point(y=0, x=4), Point(y=0, x=5), Point(y=0, x=6), Point(y=0, x=7), Point(y=0, x=8), Point(y=0, x=9), Point(y=1, x=0), Point(y=1, x=1), Point(y=1, x=2), Point(y=1, x=3), Point(y=1, x=4), Point(y=1, x=5), Point(y=1, x=6), Point(y=1, x=7), Point(y=1, x=8), Point(y=1, x=9), Point(y=2, x=0), Point(y=2, x=1), Point(y=2, x=2), Point(y=2, x=3), Point(y=2, x=4), Point(y=2, x=5), Point(y=2, x=6), Point(y=2, x=7), Point(y=2, x=8), Point(y=2, x=9), Point(y=3, x=0), Point(y=3, x=1), Point(y=3, x=2), Point(y=3, x=3), Point(y=3, x=4), Point(y=3, x=5), Point(y=3, x=6), Point(y=3, x=7), Point(y=3, x=8), Point(y=4, x=0), Point(y=4, x=1), Point(y=4, x=2), Point(y=4, x=3), Point(y=4, x=4), Point(y=4, x=5), Point(y=4, x=6), Point(y=4, x=7), Point(y=4, x=8), Point(y=4, x=9), Point(y=5, x=0), Point(y=5, x=1), Point(y=5, x=2), Point(y=5, x=3), Point(y=5, x=4), Point(y=5, x=5), Point(y=5, x=6), Point(y=5, x=7), Point(y=5, x=8), Point(y=5, x=9), Point(y=6, x=0), Point(y=6, x=1), Point(y=6, x=2), Point(y=6, x=3), Point(y=6, x=4), Point(y=6, x=5), Point(y=6, x=6), Point(y=6, x=7), Point(y=6, x=8), Point(y=6, x=9), Point(y=7, x=0), Point(y=7, x=1), Point(y=7, x=2), Point(y=7, x=3), Point(y=7, x=4), Point(y=7, x=5), Point(y=7, x=6), Point(y=7, x=7), Point(y=7, x=8), Point(y=7, x=9), Point(y=8, x=0), Point(y=8, x=1), Point(y=8, x=2), Point(y=8, x=3), Point(y=8, x=4), Point(y=8, x=5), Point(y=8, x=6), Point(y=8, x=7), Point(y=8, x=8), Point(y=8, x=9), Point(y=9, x=0), Point(y=9, x=1), Point(y=9, x=2), Point(y=9, x=3), Point(y=9, x=4), Point(y=9, x=5), Point(y=9, x=6), Point(y=9, x=7), Point(y=9, x=8), Point(y=9, x=9), Point(y=10, x=0), Point(y=10, x=1), Point(y=10, x=2), Point(y=10, x=3), Point(y=10, x=4), Point(y=10, x=5), Point(y=10, x=6), Point(y=10, x=7), Point(y=10, x=8), Point(y=10, x=9), Point(y=11, x=0), Point(y=11, x=1), Point(y=11, x=2), Point(y=11, x=3), Point(y=11, x=4), Point(y=11, x=5), Point(y=11, x=6), Point(y=11, x=7), Point(y=11, x=8), Point(y=11, x=9), Point(y=12, x=0), Point(y=12, x=1), Point(y=12, x=2), Point(y=12, x=3), Point(y=12, x=4), Point(y=12, x=5), Point(y=12, x=6), Point(y=12, x=7), Point(y=12, x=8), Point(y=12, x=9), Point(y=13, x=0), Point(y=13, x=1), Point(y=13, x=2), Point(y=13, x=3), Point(y=13, x=4), Point(y=13, x=5), Point(y=13, x=6), Point(y=13, x=7), Point(y=13, x=8), Point(y=13, x=9), Point(y=14, x=0), Point(y=14, x=1), Point(y=14, x=2), Point(y=14, x=3), Point(y=14, x=4), Point(y=14, x=5), Point(y=14, x=6), Point(y=14, x=7), Point(y=14, x=8), Point(y=14, x=9), Point(y=15, x=0), Point(y=15, x=1), Point(y=15, x=2), Point(y=15, x=3), Point(y=15, x=4), Point(y=15, x=5), Point(y=15, x=6), Point(y=15, x=7), Point(y=15, x=8), Point(y=15, x=9), Point(y=16, x=0), Point(y=16, x=1), Point(y=16, x=2), Point(y=16, x=3), Point(y=16, x=4), Point(y=16, x=5), Point(y=16, x=6), Point(y=16, x=7), Point(y=16, x=8), Point(y=16, x=9), Point(y=17, x=0), Point(y=17, x=1), Point(y=17, x=2), Point(y=17, x=3), Point(y=17, x=4), Point(y=17, x=5), Point(y=17, x=6), Point(y=17, x=7), Point(y=17, x=8), Point(y=17, x=9), Point(y=18, x=0), Point(y=18, x=1), Point(y=18, x=2), Point(y=18, x=3), Point(y=18, x=4), Point(y=18, x=5), Point(y=18, x=6), Point(y=18, x=7), Point(y=18, x=8), Point(y=18, x=9), Point(y=19, x=0), Point(y=19, x=1), Point(y=19, x=2), Point(y=19, x=3), Point(y=19, x=4), Point(y=19, x=5), Point(y=19, x=6), Point(y=19, x=7), Point(y=19, x=8), Point(y=19, x=9)]]]>
              </value>
            </param>
            <param index="1">
              <value>
                <![CDATA[Point(y=3, x=9)]]>
              </value>
            </param>
          </params>
          <reporter-output>
          </reporter-output>
        </test-method> <!-- testNextPoint -->
        <test-method signature="testNextPoint(java.util.List, com.github.vitalibo.brickgame.game.Point)[pri:0, instance:com.github.vitalibo.brickgame.game.snake.MouseTest@37d31475]" started-at="2024-03-21T11:39:31Z" name="testNextPoint" data-provider="generator" finished-at="2024-03-21T11:39:31Z" duration-ms="0" status="PASS">
          <params>
            <param index="0">
              <value>
                <![CDATA[[Point(y=0, x=0), Point(y=0, x=1), Point(y=0, x=2), Point(y=0, x=3), Point(y=0, x=4), Point(y=0, x=5), Point(y=0, x=6), Point(y=0, x=7), Point(y=0, x=8), Point(y=0, x=9), Point(y=1, x=0), Point(y=1, x=1), Point(y=1, x=2), Point(y=1, x=3), Point(y=1, x=4), Point(y=1, x=5), Point(y=1, x=6), Point(y=1, x=7), Point(y=1, x=8), Point(y=1, x=9), Point(y=2, x=0), Point(y=2, x=1), Point(y=2, x=2), Point(y=2, x=3), Point(y=2, x=4), Point(y=2, x=5), Point(y=2, x=6), Point(y=2, x=7), Point(y=2, x=8), Point(y=2, x=9), Point(y=3, x=0), Point(y=3, x=1), Point(y=3, x=2), Point(y=3, x=3), Point(y=3, x=4), Point(y=3, x=5), Point(y=3, x=6), Point(y=3, x=7), Point(y=3, x=8), Point(y=3, x=9), Point(y=4, x=0), Point(y=4, x=1), Point(y=4, x=2), Point(y=4, x=3), Point(y=4, x=4), Point(y=4, x=5), Point(y=4, x=6), Point(y=4, x=7), Point(y=4, x=8), Point(y=4, x=9), Point(y=5, x=0), Point(y=5, x=1), Point(y=5, x=2), Point(y=5, x=3), Point(y=5, x=4), Point(y=5, x=5), Point(y=5, x=6), Point(y=5, x=7), Point(y=5, x=8), Point(y=5, x=9), Point(y=6, x=0), Point(y=6, x=1), Point(y=6, x=2), Point(y=6, x=3), Point(y=6, x=4), Point(y=6, x=5), Point(y=6, x=6), Point(y=6, x=7), Point(y=6, x=8), Point(y=6, x=9), Point(y=7, x=0), Point(y=7, x=1), Point(y=7, x=2), Point(y=7, x=3), Point(y=7, x=4), Point(y=7, x=5), Point(y=7, x=6), Point(y=7, x=7), Point(y=7, x=8), Point(y=7, x=9), Point(y=8, x=0), Point(y=8, x=1), Point(y=8, x=2), Point(y=8, x=3), Point(y=8, x=4), Point(y=8, x=5), Point(y=8, x=6), Point(y=8, x=7), Point(y=8, x=8), Point(y=8, x=9), Point(y=9, x=0), Point(y=9, x=1), Point(y=9, x=2), Point(y=9, x=3), Point(y=9, x=4), Point(y=9, x=5), Point(y=9, x=6), Point(y=9, x=7), Point(y=9, x=8), Point(y=9, x=9), Point(y=10, x=0), Point(y=10, x=1), Point(y=10, x=2), Point(y=10, x=3), Point(y=10, x=4), Point(y=10, x=5), Point(y=10, x=6), Point(y=10, x=7), Point(y=10, x=8), Point(y=10, x=9), Point(y=11, x=0), Point(y=11, x=1), Point(y=11, x=2), Point(y=11, x=3), Point(y=11, x=4), Point(y=11, x=5), Point(y=11, x=6), Point(y=11, x=7), Point(y=11, x=8), Point(y=11, x=9), Point(y=12, x=0), Point(y=12, x=1), Point(y=12, x=2), Point(y=12, x=3), Point(y=12, x=4), Point(y=12, x=6), Point(y=12, x=7), Point(y=12, x=8), Point(y=12, x=9), Point(y=13, x=0), Point(y=13, x=1), Point(y=13, x=2), Point(y=13, x=3), Point(y=13, x=4), Point(y=13, x=5), Point(y=13, x=6), Point(y=13, x=7), Point(y=13, x=8), Point(y=13, x=9), Point(y=14, x=0), Point(y=14, x=1), Point(y=14, x=2), Point(y=14, x=3), Point(y=14, x=4), Point(y=14, x=5), Point(y=14, x=6), Point(y=14, x=7), Point(y=14, x=8), Point(y=14, x=9), Point(y=15, x=0), Point(y=15, x=1), Point(y=15, x=2), Point(y=15, x=3), Point(y=15, x=4), Point(y=15, x=5), Point(y=15, x=6), Point(y=15, x=7), Point(y=15, x=8), Point(y=15, x=9), Point(y=16, x=0), Point(y=16, x=1), Point(y=16, x=2), Point(y=16, x=3), Point(y=16, x=4), Point(y=16, x=5), Point(y=16, x=6), Point(y=16, x=7), Point(y=16, x=8), Point(y=16, x=9), Point(y=17, x=0), Point(y=17, x=1), Point(y=17, x=2), Point(y=17, x=3), Point(y=17, x=4), Point(y=17, x=5), Point(y=17, x=6), Point(y=17, x=7), Point(y=17, x=8), Point(y=17, x=9), Point(y=18, x=0), Point(y=18, x=1), Point(y=18, x=2), Point(y=18, x=3), Point(y=18, x=4), Point(y=18, x=5), Point(y=18, x=6), Point(y=18, x=7), Point(y=18, x=8), Point(y=18, x=9), Point(y=19, x=0), Point(y=19, x=1), Point(y=19, x=2), Point(y=19, x=3), Point(y=19, x=4), Point(y=19, x=5), Point(y=19, x=6), Point(y=19, x=7), Point(y=19, x=8), Point(y=19, x=9)]]]>
              </value>
            </param>
            <param index="1">
              <value>
                <![CDATA[Point(y=12, x=5)]]>
              </value>
            </param>
          </params>
          <reporter-output>
          </reporter-output>
        </test-method> <!-- testNextPoint -->
        <test-method signature="testNextPoint(java.util.List, com.github.vitalibo.brickgame.game.Point)[pri:0, instance:com.github.vitalibo.brickgame.game.snake.MouseTest@37d31475]" started-at="2024-03-21T11:39:31Z" name="testNextPoint" data-provider="generator" finished-at="2024-03-21T11:39:31Z" duration-ms="0" status="PASS">
          <params>
            <param index="0">
              <value>
                <![CDATA[[Point(y=0, x=0), Point(y=0, x=1), Point(y=0, x=2), Point(y=0, x=3), Point(y=0, x=4), Point(y=0, x=5), Point(y=0, x=6), Point(y=0, x=7), Point(y=0, x=8), Point(y=0, x=9), Point(y=1, x=0), Point(y=1, x=1), Point(y=1, x=2), Point(y=1, x=3), Point(y=1, x=4), Point(y=1, x=5), Point(y=1, x=6), Point(y=1, x=7), Point(y=1, x=8), Point(y=1, x=9), Point(y=2, x=0), Point(y=2, x=1), Point(y=2, x=2), Point(y=2, x=3), Point(y=2, x=4), Point(y=2, x=5), Point(y=2, x=6), Point(y=2, x=7), Point(y=2, x=8), Point(y=2, x=9), Point(y=3, x=0), Point(y=3, x=1), Point(y=3, x=2), Point(y=3, x=3), Point(y=3, x=4), Point(y=3, x=5), Point(y=3, x=6), Point(y=3, x=7), Point(y=3, x=8), Point(y=3, x=9), Point(y=4, x=0), Point(y=4, x=1), Point(y=4, x=2), Point(y=4, x=4), Point(y=4, x=5), Point(y=4, x=6), Point(y=4, x=7), Point(y=4, x=8), Point(y=4, x=9), Point(y=5, x=0), Point(y=5, x=1), Point(y=5, x=2), Point(y=5, x=3), Point(y=5, x=4), Point(y=5, x=5), Point(y=5, x=6), Point(y=5, x=7), Point(y=5, x=8), Point(y=5, x=9), Point(y=6, x=0), Point(y=6, x=1), Point(y=6, x=2), Point(y=6, x=3), Point(y=6, x=4), Point(y=6, x=5), Point(y=6, x=6), Point(y=6, x=7), Point(y=6, x=8), Point(y=6, x=9), Point(y=7, x=0), Point(y=7, x=1), Point(y=7, x=2), Point(y=7, x=3), Point(y=7, x=4), Point(y=7, x=5), Point(y=7, x=6), Point(y=7, x=7), Point(y=7, x=8), Point(y=7, x=9), Point(y=8, x=0), Point(y=8, x=1), Point(y=8, x=2), Point(y=8, x=3), Point(y=8, x=4), Point(y=8, x=5), Point(y=8, x=6), Point(y=8, x=7), Point(y=8, x=8), Point(y=8, x=9), Point(y=9, x=0), Point(y=9, x=1), Point(y=9, x=2), Point(y=9, x=3), Point(y=9, x=4), Point(y=9, x=5), Point(y=9, x=6), Point(y=9, x=7), Point(y=9, x=8), Point(y=9, x=9), Point(y=10, x=0), Point(y=10, x=1), Point(y=10, x=2), Point(y=10, x=3), Point(y=10, x=4), Point(y=10, x=5), Point(y=10, x=6), Point(y=10, x=7), Point(y=10, x=8), Point(y=10, x=9), Point(y=11, x=0), Point(y=11, x=1), Point(y=11, x=2), Point(y=11, x=3), Point(y=11, x=4), Point(y=11, x=5), Point(y=11, x=6), Point(y=11, x=7), Point(y=11, x=8), Point(y=11, x=9), Point(y=12, x=0), Point(y=12, x=1), Point(y=12, x=2), Point(y=12, x=3), Point(y=12, x=4), Point(y=12, x=5), Point(y=12, x=6), Point(y=12, x=7), Point(y=12, x=8), Point(y=12, x=9), Point(y=13, x=0), Point(y=13, x=1), Point(y=13, x=2), Point(y=13, x=3), Point(y=13, x=4), Point(y=13, x=5), Point(y=13, x=6), Point(y=13, x=7), Point(y=13, x=8), Point(y=13, x=9), Point(y=14, x=0), Point(y=14, x=1), Point(y=14, x=2), Point(y=14, x=3), Point(y=14, x=4), Point(y=14, x=5), Point(y=14, x=6), Point(y=14, x=7), Point(y=14, x=8), Point(y=14, x=9), Point(y=15, x=0), Point(y=15, x=1), Point(y=15, x=2), Point(y=15, x=3), Point(y=15, x=4), Point(y=15, x=5), Point(y=15, x=6), Point(y=15, x=7), Point(y=15, x=8), Point(y=15, x=9), Point(y=16, x=0), Point(y=16, x=1), Point(y=16, x=2), Point(y=16, x=3), Point(y=16, x=4), Point(y=16, x=5), Point(y=16, x=6), Point(y=16, x=7), Point(y=16, x=8), Point(y=16, x=9), Point(y=17, x=0), Point(y=17, x=1), Point(y=17, x=2), Point(y=17, x=3), Point(y=17, x=4), Point(y=17, x=5), Point(y=17, x=6), Point(y=17, x=7), Point(y=17, x=8), Point(y=17, x=9), Point(y=18, x=0), Point(y=18, x=1), Point(y=18, x=2), Point(y=18, x=3), Point(y=18, x=4), Point(y=18, x=5), Point(y=18, x=6), Point(y=18, x=7), Point(y=18, x=8), Point(y=18, x=9), Point(y=19, x=0), Point(y=19, x=1), Point(y=19, x=2), Point(y=19, x=3), Point(y=19, x=4), Point(y=19, x=5), Point(y=19, x=6), Point(y=19, x=7), Point(y=19, x=8), Point(y=19, x=9)]]]>
              </value>
            </param>
            <param index="1">
              <value>
                <![CDATA[Point(y=4, x=3)]]>
              </value>
            </param>
          </params>
          <reporter-output>
          </reporter-output>
        </test-method> <!-- testNextPoint -->
        <test-method is-config="true" signature="setUp()[pri:0, instance:com.github.vitalibo.brickgame.game.snake.MouseTest@37d31475]" started-at="2024-03-21T11:39:31Z" name="setUp" finished-at="2024-03-21T11:39:31Z" duration-ms="0" status="PASS">
          <reporter-output>
          </reporter-output>
        </test-method> <!-- setUp -->
        <test-method signature="testNextPoint(java.util.List, com.github.vitalibo.brickgame.game.Point)[pri:0, instance:com.github.vitalibo.brickgame.game.snake.MouseTest@37d31475]" started-at="2024-03-21T11:39:31Z" name="testNextPoint" data-provider="generator" finished-at="2024-03-21T11:39:31Z" duration-ms="0" status="PASS">
          <params>
            <param index="0">
              <value>
                <![CDATA[[Point(y=0, x=0), Point(y=0, x=1), Point(y=0, x=2), Point(y=0, x=3), Point(y=0, x=4), Point(y=0, x=5), Point(y=0, x=6), Point(y=0, x=7), Point(y=0, x=8), Point(y=0, x=9), Point(y=1, x=0), Point(y=1, x=1), Point(y=1, x=2), Point(y=1, x=3), Point(y=1, x=4), Point(y=1, x=5), Point(y=1, x=6), Point(y=1, x=7), Point(y=1, x=8), Point(y=1, x=9), Point(y=2, x=0), Point(y=2, x=1), Point(y=2, x=2), Point(y=2, x=3), Point(y=2, x=4), Point(y=2, x=5), Point(y=2, x=6), Point(y=2, x=7), Point(y=2, x=8), Point(y=2, x=9), Point(y=3, x=0), Point(y=3, x=1), Point(y=3, x=2), Point(y=3, x=3), Point(y=3, x=4), Point(y=3, x=5), Point(y=3, x=6), Point(y=3, x=7), Point(y=3, x=8), Point(y=3, x=9), Point(y=4, x=0), Point(y=4, x=1), Point(y=4, x=2), Point(y=4, x=3), Point(y=4, x=4), Point(y=4, x=5), Point(y=4, x=6), Point(y=4, x=7), Point(y=4, x=8), Point(y=4, x=9), Point(y=5, x=0), Point(y=5, x=1), Point(y=5, x=2), Point(y=5, x=3), Point(y=5, x=4), Point(y=5, x=5), Point(y=5, x=6), Point(y=5, x=7), Point(y=5, x=8), Point(y=5, x=9), Point(y=6, x=0), Point(y=6, x=1), Point(y=6, x=2), Point(y=6, x=3), Point(y=6, x=4), Point(y=6, x=5), Point(y=6, x=6), Point(y=6, x=7), Point(y=6, x=8), Point(y=6, x=9), Point(y=7, x=0), Point(y=7, x=1), Point(y=7, x=2), Point(y=7, x=3), Point(y=7, x=4), Point(y=7, x=5), Point(y=7, x=6), Point(y=7, x=7), Point(y=7, x=8), Point(y=7, x=9), Point(y=8, x=0), Point(y=8, x=1), Point(y=8, x=2), Point(y=8, x=3), Point(y=8, x=4), Point(y=8, x=5), Point(y=8, x=6), Point(y=8, x=7), Point(y=8, x=8), Point(y=8, x=9), Point(y=9, x=0), Point(y=9, x=1), Point(y=9, x=2), Point(y=9, x=3), Point(y=9, x=4), Point(y=9, x=5), Point(y=9, x=6), Point(y=9, x=7), Point(y=9, x=8), Point(y=9, x=9), Point(y=10, x=0), Point(y=10, x=1), Point(y=10, x=2), Point(y=10, x=3), Point(y=10, x=4), Point(y=10, x=5), Point(y=10, x=6), Point(y=10, x=7), Point(y=10, x=8), Point(y=10, x=9), Point(y=11, x=0), Point(y=11, x=1), Point(y=11, x=2), Point(y=11, x=3), Point(y=11, x=4), Point(y=11, x=5), Point(y=11, x=6), Point(y=11, x=7), Point(y=11, x=8), Point(y=11, x=9), Point(y=12, x=0), Point(y=12, x=1), Point(y=12, x=2), Point(y=12, x=3), Point(y=12, x=4), Point(y=12, x=5), Point(y=12, x=6), Point(y=12, x=7), Point(y=12, x=8), Point(y=12, x=9), Point(y=13, x=0), Point(y=13, x=1), Point(y=13, x=2), Point(y=13, x=3), Point(y=13, x=4), Point(y=13, x=5), Point(y=13, x=6), Point(y=13, x=7), Point(y=13, x=8), Point(y=13, x=9), Point(y=14, x=0), Point(y=14, x=1), Point(y=14, x=2), Point(y=14, x=3), Point(y=14, x=4), Point(y=14, x=5), Point(y=14, x=6), Point(y=14, x=7), Point(y=14, x=8), Point(y=14, x=9), Point(y=15, x=0), Point(y=15, x=1), Point(y=15, x=2), Point(y=15, x=3), Point(y=15, x=4), Point(y=15, x=5), Point(y=15, x=6), Point(y=15, x=7), Point(y=15, x=8), Point(y=15, x=9), Point(y=16, x=0), Point(y=16, x=1), Point(y=16, x=2), Point(y=16, x=3), Point(y=16, x=4), Point(y=16, x=5), Point(y=16, x=6), Point(y=16, x=7), Point(y=16, x=8), Point(y=16, x=9), Point(y=17, x=0), Point(y=17, x=2), Point(y=17, x=3), Point(y=17, x=4), Point(y=17, x=5), Point(y=17, x=6), Point(y=17, x=7), Point(y=17, x=8), Point(y=17, x=9), Point(y=18, x=0), Point(y=18, x=1), Point(y=18, x=2), Point(y=18, x=3), Point(y=18, x=4), Point(y=18, x=5), Point(y=18, x=6), Point(y=18, x=7), Point(y=18, x=8), Point(y=18, x=9), Point(y=19, x=0), Point(y=19, x=1), Point(y=19, x=2), Point(y=19, x=3), Point(y=19, x=4), Point(y=19, x=5), Point(y=19, x=6), Point(y=19, x=7), Point(y=19, x=8), Point(y=19, x=9)]]]>
              </value>
            </param>
            <param index="1">
              <value>
                <![CDATA[Point(y=17, x=1)]]>
              </value>
            </param>
          </params>
          <reporter-output>
          </reporter-output>
        </test-method> <!-- testNextPoint -->
        <test-method is-config="true" signature="setUp()[pri:0, instance:com.github.vitalibo.brickgame.game.snake.MouseTest@37d31475]" started-at="2024-03-21T11:39:31Z" name="setUp" finished-at="2024-03-21T11:39:31Z" duration-ms="0" status="PASS">
          <reporter-output>
          </reporter-output>
        </test-method> <!-- setUp -->
        <test-method is-config="true" signature="setUp()[pri:0, instance:com.github.vitalibo.brickgame.game.snake.MouseTest@37d31475]" started-at="2024-03-21T11:39:31Z" name="setUp" finished-at="2024-03-21T11:39:31Z" duration-ms="0" status="PASS">
          <reporter-output>
          </reporter-output>
        </test-method> <!-- setUp -->
        <test-method signature="testNextPoint(java.util.List, com.github.vitalibo.brickgame.game.Point)[pri:0, instance:com.github.vitalibo.brickgame.game.snake.MouseTest@37d31475]" started-at="2024-03-21T11:39:31Z" name="testNextPoint" data-provider="generator" finished-at="2024-03-21T11:39:31Z" duration-ms="0" status="PASS">
          <params>
            <param index="0">
              <value>
                <![CDATA[[Point(y=0, x=0), Point(y=0, x=1), Point(y=0, x=2), Point(y=0, x=3), Point(y=0, x=4), Point(y=0, x=5), Point(y=0, x=6), Point(y=0, x=7), Point(y=0, x=8), Point(y=0, x=9), Point(y=1, x=0), Point(y=1, x=1), Point(y=1, x=2), Point(y=1, x=3), Point(y=1, x=4), Point(y=1, x=5), Point(y=1, x=6), Point(y=1, x=7), Point(y=1, x=8), Point(y=1, x=9), Point(y=2, x=0), Point(y=2, x=1), Point(y=2, x=2), Point(y=2, x=3), Point(y=2, x=4), Point(y=2, x=5), Point(y=2, x=6), Point(y=2, x=7), Point(y=2, x=8), Point(y=2, x=9), Point(y=3, x=0), Point(y=3, x=1), Point(y=3, x=2), Point(y=3, x=3), Point(y=3, x=4), Point(y=3, x=5), Point(y=3, x=6), Point(y=3, x=7), Point(y=3, x=8), Point(y=3, x=9), Point(y=4, x=0), Point(y=4, x=1), Point(y=4, x=2), Point(y=4, x=3), Point(y=4, x=4), Point(y=4, x=5), Point(y=4, x=6), Point(y=4, x=7), Point(y=4, x=8), Point(y=4, x=9), Point(y=5, x=0), Point(y=5, x=1), Point(y=5, x=2), Point(y=5, x=3), Point(y=5, x=4), Point(y=5, x=5), Point(y=5, x=6), Point(y=5, x=7), Point(y=5, x=8), Point(y=5, x=9), Point(y=6, x=0), Point(y=6, x=1), Point(y=6, x=2), Point(y=6, x=3), Point(y=6, x=4), Point(y=6, x=5), Point(y=6, x=6), Point(y=6, x=7), Point(y=6, x=8), Point(y=6, x=9), Point(y=7, x=0), Point(y=7, x=1), Point(y=7, x=2), Point(y=7, x=3), Point(y=7, x=4), Point(y=7, x=5), Point(y=7, x=6), Point(y=7, x=7), Point(y=7, x=8), Point(y=7, x=9), Point(y=8, x=0), Point(y=8, x=1), Point(y=8, x=2), Point(y=8, x=3), Point(y=8, x=4), Point(y=8, x=5), Point(y=8, x=6), Point(y=8, x=7), Point(y=8, x=8), Point(y=8, x=9), Point(y=9, x=0), Point(y=9, x=1), Point(y=9, x=2), Point(y=9, x=3), Point(y=9, x=4), Point(y=9, x=5), Point(y=9, x=6), Point(y=9, x=7), Point(y=9, x=8), Point(y=9, x=9), Point(y=10, x=0), Point(y=10, x=1), Point(y=10, x=2), Point(y=10, x=3), Point(y=10, x=4), Point(y=10, x=5), Point(y=10, x=6), Point(y=10, x=7), Point(y=10, x=8), Point(y=10, x=9), Point(y=11, x=0), Point(y=11, x=1), Point(y=11, x=2), Point(y=11, x=3), Point(y=11, x=4), Point(y=11, x=5), Point(y=11, x=6), Point(y=11, x=7), Point(y=11, x=8), Point(y=11, x=9), Point(y=12, x=0), Point(y=12, x=1), Point(y=12, x=2), Point(y=12, x=3), Point(y=12, x=4), Point(y=12, x=5), Point(y=12, x=6), Point(y=12, x=7), Point(y=12, x=8), Point(y=12, x=9), Point(y=13, x=0), Point(y=13, x=1), Point(y=13, x=2), Point(y=13, x=3), Point(y=13, x=4), Point(y=13, x=5), Point(y=13, x=6), Point(y=13, x=7), Point(y=13, x=8), Point(y=13, x=9), Point(y=14, x=0), Point(y=14, x=1), Point(y=14, x=2), Point(y=14, x=3), Point(y=14, x=4), Point(y=14, x=5), Point(y=14, x=6), Point(y=14, x=7), Point(y=14, x=8), Point(y=14, x=9), Point(y=15, x=0), Point(y=15, x=1), Point(y=15, x=2), Point(y=15, x=3), Point(y=15, x=4), Point(y=15, x=5), Point(y=15, x=6), Point(y=15, x=7), Point(y=15, x=8), Point(y=15, x=9), Point(y=16, x=0), Point(y=16, x=1), Point(y=16, x=2), Point(y=16, x=3), Point(y=16, x=4), Point(y=16, x=5), Point(y=16, x=6), Point(y=16, x=7), Point(y=16, x=8), Point(y=16, x=9), Point(y=17, x=0), Point(y=17, x=1), Point(y=17, x=2), Point(y=17, x=3), Point(y=17, x=4), Point(y=17, x=5), Point(y=17, x=6), Point(y=17, x=7), Point(y=17, x=8), Point(y=17, x=9), Point(y=18, x=0), Point(y=18, x=1), Point(y=18, x=2), Point(y=18, x=3), Point(y=18, x=4), Point(y=18, x=5), Point(y=18, x=6), Point(y=18, x=8), Point(y=18, x=9), Point(y=19, x=0), Point(y=19, x=1), Point(y=19, x=2), Point(y=19, x=3), Point(y=19, x=4), Point(y=19, x=5), Point(y=19, x=6), Point(y=19, x=7), Point(y=19, x=8), Point(y=19, x=9)]]]>
              </value>
            </param>
            <param index="1">
              <value>
                <![CDATA[Point(y=18, x=7)]]>
              </value>
            </param>
          </params>
          <reporter-output>
          </reporter-output>
        </test-method> <!-- testNextPoint -->
        <test-method is-config="true" signature="setUp()[pri:0, instance:com.github.vitalibo.brickgame.game.snake.MouseTest@37d31475]" started-at="2024-03-21T11:39:31Z" name="setUp" finished-at="2024-03-21T11:39:31Z" duration-ms="1" status="PASS">
          <reporter-output>
          </reporter-output>
        </test-method> <!-- setUp -->
        <test-method is-config="true" signature="setUp()[pri:0, instance:com.github.vitalibo.brickgame.game.snake.MouseTest@37d31475]" started-at="2024-03-21T11:39:31Z" name="setUp" finished-at="2024-03-21T11:39:31Z" duration-ms="0" status="PASS">
          <reporter-output>
          </reporter-output>
        </test-method> <!-- setUp -->
        <test-method signature="testNextPoint(java.util.List, com.github.vitalibo.brickgame.game.Point)[pri:0, instance:com.github.vitalibo.brickgame.game.snake.MouseTest@37d31475]" started-at="2024-03-21T11:39:31Z" name="testNextPoint" data-provider="generator" finished-at="2024-03-21T11:39:31Z" duration-ms="0" status="PASS">
          <params>
            <param index="0">
              <value>
                <![CDATA[[Point(y=0, x=0), Point(y=0, x=1), Point(y=0, x=2), Point(y=0, x=3), Point(y=0, x=4), Point(y=0, x=5), Point(y=0, x=6), Point(y=0, x=7), Point(y=0, x=8), Point(y=0, x=9), Point(y=1, x=0), Point(y=1, x=1), Point(y=1, x=2), Point(y=1, x=3), Point(y=1, x=4), Point(y=1, x=5), Point(y=1, x=6), Point(y=1, x=7), Point(y=1, x=8), Point(y=1, x=9), Point(y=2, x=0), Point(y=2, x=1), Point(y=2, x=2), Point(y=2, x=3), Point(y=2, x=4), Point(y=2, x=5), Point(y=2, x=6), Point(y=2, x=7), Point(y=2, x=8), Point(y=2, x=9), Point(y=3, x=0), Point(y=3, x=1), Point(y=3, x=2), Point(y=3, x=3), Point(y=3, x=4), Point(y=3, x=5), Point(y=3, x=6), Point(y=3, x=7), Point(y=3, x=8), Point(y=3, x=9), Point(y=4, x=0), Point(y=4, x=1), Point(y=4, x=2), Point(y=4, x=3), Point(y=4, x=4), Point(y=4, x=5), Point(y=4, x=6), Point(y=4, x=7), Point(y=4, x=8), Point(y=4, x=9), Point(y=5, x=0), Point(y=5, x=1), Point(y=5, x=2), Point(y=5, x=3), Point(y=5, x=4), Point(y=5, x=5), Point(y=5, x=6), Point(y=5, x=7), Point(y=5, x=8), Point(y=5, x=9), Point(y=6, x=0), Point(y=6, x=1), Point(y=6, x=2), Point(y=6, x=3), Point(y=6, x=4), Point(y=6, x=5), Point(y=6, x=6), Point(y=6, x=7), Point(y=6, x=8), Point(y=6, x=9), Point(y=7, x=0), Point(y=7, x=1), Point(y=7, x=2), Point(y=7, x=3), Point(y=7, x=4), Point(y=7, x=5), Point(y=7, x=6), Point(y=7, x=7), Point(y=7, x=8), Point(y=7, x=9), Point(y=8, x=0), Point(y=8, x=1), Point(y=8, x=3), Point(y=8, x=4), Point(y=8, x=5), Point(y=8, x=6), Point(y=8, x=7), Point(y=8, x=8), Point(y=8, x=9), Point(y=9, x=0), Point(y=9, x=1), Point(y=9, x=2), Point(y=9, x=3), Point(y=9, x=4), Point(y=9, x=5), Point(y=9, x=6), Point(y=9, x=7), Point(y=9, x=8), Point(y=9, x=9), Point(y=10, x=0), Point(y=10, x=1), Point(y=10, x=2), Point(y=10, x=3), Point(y=10, x=4), Point(y=10, x=5), Point(y=10, x=6), Point(y=10, x=7), Point(y=10, x=8), Point(y=10, x=9), Point(y=11, x=0), Point(y=11, x=1), Point(y=11, x=2), Point(y=11, x=3), Point(y=11, x=4), Point(y=11, x=5), Point(y=11, x=6), Point(y=11, x=7), Point(y=11, x=8), Point(y=11, x=9), Point(y=12, x=0), Point(y=12, x=1), Point(y=12, x=2), Point(y=12, x=3), Point(y=12, x=4), Point(y=12, x=5), Point(y=12, x=6), Point(y=12, x=7), Point(y=12, x=8), Point(y=12, x=9), Point(y=13, x=0), Point(y=13, x=1), Point(y=13, x=2), Point(y=13, x=3), Point(y=13, x=4), Point(y=13, x=5), Point(y=13, x=6), Point(y=13, x=7), Point(y=13, x=8), Point(y=13, x=9), Point(y=14, x=0), Point(y=14, x=1), Point(y=14, x=2), Point(y=14, x=3), Point(y=14, x=4), Point(y=14, x=5), Point(y=14, x=6), Point(y=14, x=7), Point(y=14, x=8), Point(y=14, x=9), Point(y=15, x=0), Point(y=15, x=1), Point(y=15, x=2), Point(y=15, x=3), Point(y=15, x=4), Point(y=15, x=5), Point(y=15, x=6), Point(y=15, x=7), Point(y=15, x=8), Point(y=15, x=9), Point(y=16, x=0), Point(y=16, x=1), Point(y=16, x=2), Point(y=16, x=3), Point(y=16, x=4), Point(y=16, x=5), Point(y=16, x=6), Point(y=16, x=7), Point(y=16, x=8), Point(y=16, x=9), Point(y=17, x=0), Point(y=17, x=1), Point(y=17, x=2), Point(y=17, x=3), Point(y=17, x=4), Point(y=17, x=5), Point(y=17, x=6), Point(y=17, x=7), Point(y=17, x=8), Point(y=17, x=9), Point(y=18, x=0), Point(y=18, x=1), Point(y=18, x=2), Point(y=18, x=3), Point(y=18, x=4), Point(y=18, x=5), Point(y=18, x=6), Point(y=18, x=7), Point(y=18, x=8), Point(y=18, x=9), Point(y=19, x=0), Point(y=19, x=1), Point(y=19, x=2), Point(y=19, x=3), Point(y=19, x=4), Point(y=19, x=5), Point(y=19, x=6), Point(y=19, x=7), Point(y=19, x=8), Point(y=19, x=9)]]]>
              </value>
            </param>
            <param index="1">
              <value>
                <![CDATA[Point(y=8, x=2)]]>
              </value>
            </param>
          </params>
          <reporter-output>
          </reporter-output>
        </test-method> <!-- testNextPoint -->
        <test-method is-config="true" signature="setUp()[pri:0, instance:com.github.vitalibo.brickgame.game.snake.MouseTest@37d31475]" started-at="2024-03-21T11:39:31Z" name="setUp" finished-at="2024-03-21T11:39:31Z" duration-ms="0" status="PASS">
          <reporter-output>
          </reporter-output>
        </test-method> <!-- setUp -->
        <test-method is-config="true" signature="setUp()[pri:0, instance:com.github.vitalibo.brickgame.game.snake.MouseTest@37d31475]" started-at="2024-03-21T11:39:31Z" name="setUp" finished-at="2024-03-21T11:39:31Z" duration-ms="0" status="PASS">
          <reporter-output>
          </reporter-output>
        </test-method> <!-- setUp -->
        <test-method signature="testNextPoint(java.util.List, com.github.vitalibo.brickgame.game.Point)[pri:0, instance:com.github.vitalibo.brickgame.game.snake.MouseTest@37d31475]" started-at="2024-03-21T11:39:31Z" name="testNextPoint" data-provider="generator" finished-at="2024-03-21T11:39:31Z" duration-ms="0" status="PASS">
          <params>
            <param index="0">
              <value>
                <![CDATA[[Point(y=0, x=0), Point(y=0, x=1), Point(y=0, x=2), Point(y=0, x=3), Point(y=0, x=4), Point(y=0, x=5), Point(y=0, x=6), Point(y=0, x=7), Point(y=0, x=8), Point(y=0, x=9), Point(y=1, x=0), Point(y=1, x=1), Point(y=1, x=2), Point(y=1, x=3), Point(y=1, x=4), Point(y=1, x=5), Point(y=1, x=6), Point(y=1, x=7), Point(y=1, x=8), Point(y=1, x=9), Point(y=2, x=0), Point(y=2, x=1), Point(y=2, x=2), Point(y=2, x=3), Point(y=2, x=4), Point(y=2, x=5), Point(y=2, x=6), Point(y=2, x=7), Point(y=2, x=8), Point(y=2, x=9), Point(y=3, x=0), Point(y=3, x=1), Point(y=3, x=2), Point(y=3, x=3), Point(y=3, x=4), Point(y=3, x=5), Point(y=3, x=6), Point(y=3, x=7), Point(y=3, x=8), Point(y=3, x=9), Point(y=4, x=0), Point(y=4, x=1), Point(y=4, x=2), Point(y=4, x=3), Point(y=4, x=4), Point(y=4, x=5), Point(y=4, x=6), Point(y=4, x=7), Point(y=4, x=8), Point(y=4, x=9), Point(y=5, x=0), Point(y=5, x=1), Point(y=5, x=2), Point(y=5, x=3), Point(y=5, x=4), Point(y=5, x=5), Point(y=5, x=6), Point(y=5, x=7), Point(y=5, x=8), Point(y=5, x=9), Point(y=6, x=0), Point(y=6, x=1), Point(y=6, x=2), Point(y=6, x=3), Point(y=6, x=4), Point(y=6, x=5), Point(y=6, x=6), Point(y=6, x=7), Point(y=6, x=8), Point(y=6, x=9), Point(y=7, x=0), Point(y=7, x=1), Point(y=7, x=2), Point(y=7, x=3), Point(y=7, x=4), Point(y=7, x=5), Point(y=7, x=6), Point(y=7, x=7), Point(y=7, x=8), Point(y=7, x=9), Point(y=8, x=0), Point(y=8, x=1), Point(y=8, x=2), Point(y=8, x=3), Point(y=8, x=4), Point(y=8, x=5), Point(y=8, x=6), Point(y=8, x=7), Point(y=8, x=8), Point(y=8, x=9), Point(y=9, x=0), Point(y=9, x=1), Point(y=9, x=2), Point(y=9, x=3), Point(y=9, x=4), Point(y=9, x=5), Point(y=9, x=6), Point(y=9, x=7), Point(y=9, x=8), Point(y=9, x=9), Point(y=10, x=0), Point(y=10, x=1), Point(y=10, x=2), Point(y=10, x=3), Point(y=10, x=4), Point(y=10, x=5), Point(y=10, x=6), Point(y=10, x=8), Point(y=10, x=9), Point(y=11, x=0), Point(y=11, x=1), Point(y=11, x=2), Point(y=11, x=3), Point(y=11, x=4), Point(y=11, x=5), Point(y=11, x=6), Point(y=11, x=7), Point(y=11, x=8), Point(y=11, x=9), Point(y=12, x=0), Point(y=12, x=1), Point(y=12, x=2), Point(y=12, x=3), Point(y=12, x=4), Point(y=12, x=5), Point(y=12, x=6), Point(y=12, x=7), Point(y=12, x=8), Point(y=12, x=9), Point(y=13, x=0), Point(y=13, x=1), Point(y=13, x=2), Point(y=13, x=3), Point(y=13, x=4), Point(y=13, x=5), Point(y=13, x=6), Point(y=13, x=7), Point(y=13, x=8), Point(y=13, x=9), Point(y=14, x=0), Point(y=14, x=1), Point(y=14, x=2), Point(y=14, x=3), Point(y=14, x=4), Point(y=14, x=5), Point(y=14, x=6), Point(y=14, x=7), Point(y=14, x=8), Point(y=14, x=9), Point(y=15, x=0), Point(y=15, x=1), Point(y=15, x=2), Point(y=15, x=3), Point(y=15, x=4), Point(y=15, x=5), Point(y=15, x=6), Point(y=15, x=7), Point(y=15, x=8), Point(y=15, x=9), Point(y=16, x=0), Point(y=16, x=1), Point(y=16, x=2), Point(y=16, x=3), Point(y=16, x=4), Point(y=16, x=5), Point(y=16, x=6), Point(y=16, x=7), Point(y=16, x=8), Point(y=16, x=9), Point(y=17, x=0), Point(y=17, x=1), Point(y=17, x=2), Point(y=17, x=3), Point(y=17, x=4), Point(y=17, x=5), Point(y=17, x=6), Point(y=17, x=7), Point(y=17, x=8), Point(y=17, x=9), Point(y=18, x=0), Point(y=18, x=1), Point(y=18, x=2), Point(y=18, x=3), Point(y=18, x=4), Point(y=18, x=5), Point(y=18, x=6), Point(y=18, x=7), Point(y=18, x=8), Point(y=18, x=9), Point(y=19, x=0), Point(y=19, x=1), Point(y=19, x=2), Point(y=19, x=3), Point(y=19, x=4), Point(y=19, x=5), Point(y=19, x=6), Point(y=19, x=7), Point(y=19, x=8), Point(y=19, x=9)]]]>
              </value>
            </param>
            <param index="1">
              <value>
                <![CDATA[Point(y=10, x=7)]]>
              </value>
            </param>
          </params>
          <reporter-output>
          </reporter-output>
        </test-method> <!-- testNextPoint -->
        <test-method signature="testNextPoint(java.util.List, com.github.vitalibo.brickgame.game.Point)[pri:0, instance:com.github.vitalibo.brickgame.game.snake.MouseTest@37d31475]" started-at="2024-03-21T11:39:31Z" name="testNextPoint" data-provider="generator" finished-at="2024-03-21T11:39:31Z" duration-ms="0" status="PASS">
          <params>
            <param index="0">
              <value>
                <![CDATA[[Point(y=0, x=0), Point(y=0, x=1), Point(y=0, x=2), Point(y=0, x=3), Point(y=0, x=4), Point(y=0, x=5), Point(y=0, x=6), Point(y=0, x=7), Point(y=0, x=8), Point(y=0, x=9), Point(y=1, x=0), Point(y=1, x=1), Point(y=1, x=2), Point(y=1, x=3), Point(y=1, x=4), Point(y=1, x=5), Point(y=1, x=6), Point(y=1, x=7), Point(y=1, x=8), Point(y=1, x=9), Point(y=2, x=0), Point(y=2, x=1), Point(y=2, x=2), Point(y=2, x=3), Point(y=2, x=4), Point(y=2, x=5), Point(y=2, x=6), Point(y=2, x=7), Point(y=2, x=8), Point(y=2, x=9), Point(y=3, x=0), Point(y=3, x=1), Point(y=3, x=2), Point(y=3, x=3), Point(y=3, x=4), Point(y=3, x=5), Point(y=3, x=6), Point(y=3, x=7), Point(y=3, x=8), Point(y=3, x=9), Point(y=4, x=0), Point(y=4, x=1), Point(y=4, x=2), Point(y=4, x=3), Point(y=4, x=4), Point(y=4, x=5), Point(y=4, x=6), Point(y=4, x=7), Point(y=4, x=8), Point(y=4, x=9), Point(y=5, x=0), Point(y=5, x=1), Point(y=5, x=2), Point(y=5, x=3), Point(y=5, x=4), Point(y=5, x=5), Point(y=5, x=6), Point(y=5, x=7), Point(y=5, x=8), Point(y=5, x=9), Point(y=6, x=0), Point(y=6, x=1), Point(y=6, x=2), Point(y=6, x=3), Point(y=6, x=4), Point(y=6, x=5), Point(y=6, x=6), Point(y=6, x=7), Point(y=6, x=8), Point(y=6, x=9), Point(y=7, x=0), Point(y=7, x=1), Point(y=7, x=2), Point(y=7, x=3), Point(y=7, x=4), Point(y=7, x=5), Point(y=7, x=6), Point(y=7, x=7), Point(y=7, x=8), Point(y=7, x=9), Point(y=8, x=0), Point(y=8, x=1), Point(y=8, x=2), Point(y=8, x=3), Point(y=8, x=4), Point(y=8, x=5), Point(y=8, x=6), Point(y=8, x=7), Point(y=8, x=8), Point(y=8, x=9), Point(y=9, x=0), Point(y=9, x=1), Point(y=9, x=2), Point(y=9, x=3), Point(y=9, x=4), Point(y=9, x=5), Point(y=9, x=6), Point(y=9, x=7), Point(y=9, x=8), Point(y=9, x=9), Point(y=10, x=0), Point(y=10, x=1), Point(y=10, x=2), Point(y=10, x=3), Point(y=10, x=4), Point(y=10, x=5), Point(y=10, x=6), Point(y=10, x=7), Point(y=10, x=8), Point(y=10, x=9), Point(y=11, x=0), Point(y=11, x=1), Point(y=11, x=2), Point(y=11, x=4), Point(y=11, x=5), Point(y=11, x=6), Point(y=11, x=7), Point(y=11, x=8), Point(y=11, x=9), Point(y=12, x=0), Point(y=12, x=1), Point(y=12, x=2), Point(y=12, x=3), Point(y=12, x=4), Point(y=12, x=5), Point(y=12, x=6), Point(y=12, x=7), Point(y=12, x=8), Point(y=12, x=9), Point(y=13, x=0), Point(y=13, x=1), Point(y=13, x=2), Point(y=13, x=3), Point(y=13, x=4), Point(y=13, x=5), Point(y=13, x=6), Point(y=13, x=7), Point(y=13, x=8), Point(y=13, x=9), Point(y=14, x=0), Point(y=14, x=1), Point(y=14, x=2), Point(y=14, x=3), Point(y=14, x=4), Point(y=14, x=5), Point(y=14, x=6), Point(y=14, x=7), Point(y=14, x=8), Point(y=14, x=9), Point(y=15, x=0), Point(y=15, x=1), Point(y=15, x=2), Point(y=15, x=3), Point(y=15, x=4), Point(y=15, x=5), Point(y=15, x=6), Point(y=15, x=7), Point(y=15, x=8), Point(y=15, x=9), Point(y=16, x=0), Point(y=16, x=1), Point(y=16, x=2), Point(y=16, x=3), Point(y=16, x=4), Point(y=16, x=5), Point(y=16, x=6), Point(y=16, x=7), Point(y=16, x=8), Point(y=16, x=9), Point(y=17, x=0), Point(y=17, x=1), Point(y=17, x=2), Point(y=17, x=3), Point(y=17, x=4), Point(y=17, x=5), Point(y=17, x=6), Point(y=17, x=7), Point(y=17, x=8), Point(y=17, x=9), Point(y=18, x=0), Point(y=18, x=1), Point(y=18, x=2), Point(y=18, x=3), Point(y=18, x=4), Point(y=18, x=5), Point(y=18, x=6), Point(y=18, x=7), Point(y=18, x=8), Point(y=18, x=9), Point(y=19, x=0), Point(y=19, x=1), Point(y=19, x=2), Point(y=19, x=3), Point(y=19, x=4), Point(y=19, x=5), Point(y=19, x=6), Point(y=19, x=7), Point(y=19, x=8), Point(y=19, x=9)]]]>
              </value>
            </param>
            <param index="1">
              <value>
                <![CDATA[Point(y=11, x=3)]]>
              </value>
            </param>
          </params>
          <reporter-output>
          </reporter-output>
        </test-method> <!-- testNextPoint -->
        <test-method is-config="true" signature="setUp()[pri:0, instance:com.github.vitalibo.brickgame.game.snake.MouseTest@37d31475]" started-at="2024-03-21T11:39:31Z" name="setUp" finished-at="2024-03-21T11:39:31Z" duration-ms="0" status="PASS">
          <reporter-output>
          </reporter-output>
        </test-method> <!-- setUp -->
        <test-method is-config="true" signature="setUp()[pri:0, instance:com.github.vitalibo.brickgame.game.snake.MouseTest@37d31475]" started-at="2024-03-21T11:39:31Z" name="setUp" finished-at="2024-03-21T11:39:31Z" duration-ms="0" status="PASS">
          <reporter-output>
          </reporter-output>
        </test-method> <!-- setUp -->
        <test-method signature="testNextPoint(java.util.List, com.github.vitalibo.brickgame.game.Point)[pri:0, instance:com.github.vitalibo.brickgame.game.snake.MouseTest@37d31475]" started-at="2024-03-21T11:39:31Z" name="testNextPoint" data-provider="generator" finished-at="2024-03-21T11:39:31Z" duration-ms="0" status="PASS">
          <params>
            <param index="0">
              <value>
                <![CDATA[[Point(y=0, x=0), Point(y=0, x=1), Point(y=0, x=2), Point(y=0, x=3), Point(y=0, x=4), Point(y=0, x=5), Point(y=0, x=6), Point(y=0, x=7), Point(y=0, x=8), Point(y=0, x=9), Point(y=1, x=0), Point(y=1, x=1), Point(y=1, x=2), Point(y=1, x=3), Point(y=1, x=4), Point(y=1, x=5), Point(y=1, x=6), Point(y=1, x=7), Point(y=1, x=8), Point(y=1, x=9), Point(y=2, x=0), Point(y=2, x=1), Point(y=2, x=2), Point(y=2, x=3), Point(y=2, x=4), Point(y=2, x=5), Point(y=2, x=6), Point(y=2, x=7), Point(y=2, x=8), Point(y=2, x=9), Point(y=3, x=0), Point(y=3, x=1), Point(y=3, x=2), Point(y=3, x=3), Point(y=3, x=4), Point(y=3, x=5), Point(y=3, x=6), Point(y=3, x=7), Point(y=3, x=8), Point(y=3, x=9), Point(y=4, x=0), Point(y=4, x=1), Point(y=4, x=2), Point(y=4, x=3), Point(y=4, x=4), Point(y=4, x=5), Point(y=4, x=6), Point(y=4, x=7), Point(y=4, x=8), Point(y=4, x=9), Point(y=5, x=0), Point(y=5, x=1), Point(y=5, x=2), Point(y=5, x=3), Point(y=5, x=4), Point(y=5, x=5), Point(y=5, x=6), Point(y=5, x=7), Point(y=5, x=8), Point(y=5, x=9), Point(y=6, x=0), Point(y=6, x=1), Point(y=6, x=2), Point(y=6, x=3), Point(y=6, x=4), Point(y=6, x=5), Point(y=6, x=6), Point(y=6, x=7), Point(y=6, x=8), Point(y=6, x=9), Point(y=7, x=0), Point(y=7, x=1), Point(y=7, x=2), Point(y=7, x=3), Point(y=7, x=4), Point(y=7, x=5), Point(y=7, x=6), Point(y=7, x=7), Point(y=7, x=8), Point(y=7, x=9), Point(y=8, x=0), Point(y=8, x=1), Point(y=8, x=2), Point(y=8, x=3), Point(y=8, x=4), Point(y=8, x=5), Point(y=8, x=6), Point(y=8, x=7), Point(y=8, x=8), Point(y=8, x=9), Point(y=9, x=0), Point(y=9, x=1), Point(y=9, x=2), Point(y=9, x=3), Point(y=9, x=4), Point(y=9, x=5), Point(y=9, x=6), Point(y=9, x=7), Point(y=9, x=8), Point(y=9, x=9), Point(y=10, x=0), Point(y=10, x=1), Point(y=10, x=2), Point(y=10, x=3), Point(y=10, x=4), Point(y=10, x=5), Point(y=10, x=6), Point(y=10, x=7), Point(y=10, x=9), Point(y=11, x=0), Point(y=11, x=1), Point(y=11, x=2), Point(y=11, x=3), Point(y=11, x=4), Point(y=11, x=5), Point(y=11, x=6), Point(y=11, x=7), Point(y=11, x=8), Point(y=11, x=9), Point(y=12, x=0), Point(y=12, x=1), Point(y=12, x=2), Point(y=12, x=3), Point(y=12, x=4), Point(y=12, x=5), Point(y=12, x=6), Point(y=12, x=7), Point(y=12, x=8), Point(y=12, x=9), Point(y=13, x=0), Point(y=13, x=1), Point(y=13, x=2), Point(y=13, x=3), Point(y=13, x=4), Point(y=13, x=5), Point(y=13, x=6), Point(y=13, x=7), Point(y=13, x=8), Point(y=13, x=9), Point(y=14, x=0), Point(y=14, x=1), Point(y=14, x=2), Point(y=14, x=3), Point(y=14, x=4), Point(y=14, x=5), Point(y=14, x=6), Point(y=14, x=7), Point(y=14, x=8), Point(y=14, x=9), Point(y=15, x=0), Point(y=15, x=1), Point(y=15, x=2), Point(y=15, x=3), Point(y=15, x=4), Point(y=15, x=5), Point(y=15, x=6), Point(y=15, x=7), Point(y=15, x=8), Point(y=15, x=9), Point(y=16, x=0), Point(y=16, x=1), Point(y=16, x=2), Point(y=16, x=3), Point(y=16, x=4), Point(y=16, x=5), Point(y=16, x=6), Point(y=16, x=7), Point(y=16, x=8), Point(y=16, x=9), Point(y=17, x=0), Point(y=17, x=1), Point(y=17, x=2), Point(y=17, x=3), Point(y=17, x=4), Point(y=17, x=5), Point(y=17, x=6), Point(y=17, x=7), Point(y=17, x=8), Point(y=17, x=9), Point(y=18, x=0), Point(y=18, x=1), Point(y=18, x=2), Point(y=18, x=3), Point(y=18, x=4), Point(y=18, x=5), Point(y=18, x=6), Point(y=18, x=7), Point(y=18, x=8), Point(y=18, x=9), Point(y=19, x=0), Point(y=19, x=1), Point(y=19, x=2), Point(y=19, x=3), Point(y=19, x=4), Point(y=19, x=5), Point(y=19, x=6), Point(y=19, x=7), Point(y=19, x=8), Point(y=19, x=9)]]]>
              </value>
            </param>
            <param index="1">
              <value>
                <![CDATA[Point(y=10, x=8)]]>
              </value>
            </param>
          </params>
          <reporter-output>
          </reporter-output>
        </test-method> <!-- testNextPoint -->
[...]
              </value>
            </param>
          </params>
          <reporter-output>
          </reporter-output>
        </test-method> <!-- testPaintDigit -->
        <test-method is-config="true" signature="setUp()[pri:0, instance:com.github.vitalibo.brickgame.core.ui.DigitTest@1d8d30f7]" started-at="2024-03-21T11:39:31Z" name="setUp" finished-at="2024-03-21T11:39:31Z" duration-ms="0" status="PASS">
          <reporter-output>
          </reporter-output>
        </test-method> <!-- setUp -->
        <test-method signature="testPaintDigit(int)[pri:0, instance:com.github.vitalibo.brickgame.core.ui.DigitTest@1d8d30f7]" started-at="2024-03-21T11:39:31Z" name="testPaintDigit" data-provider="samples" finished-at="2024-03-21T11:39:31Z" duration-ms="0" status="PASS">
          <params>
            <param index="0">
              <value>
                <![CDATA[7]]>
              </value>
            </param>
          </params>
          <reporter-output>
          </reporter-output>
        </test-method> <!-- testPaintDigit -->
        <test-method is-config="true" signature="setUp()[pri:0, instance:com.github.vitalibo.brickgame.core.ui.DigitTest@1d8d30f7]" started-at="2024-03-21T11:39:31Z" name="setUp" finished-at="2024-03-21T11:39:31Z" duration-ms="0" status="PASS">
          <reporter-output>
          </reporter-output>
        </test-method> <!-- setUp -->
        <test-method is-config="true" signature="setUp()[pri:0, instance:com.github.vitalibo.brickgame.core.ui.DigitTest@1d8d30f7]" started-at="2024-03-21T11:39:31Z" name="setUp" finished-at="2024-03-21T11:39:31Z" duration-ms="0" status="PASS">
          <reporter-output>
          </reporter-output>
        </test-method> <!-- setUp -->
        <test-method signature="testPaintDigit(int)[pri:0, instance:com.github.vitalibo.brickgame.core.ui.DigitTest@1d8d30f7]" started-at="2024-03-21T11:39:31Z" name="testPaintDigit" data-provider="samples" finished-at="2024-03-21T11:39:31Z" duration-ms="0" status="PASS">
          <params>
            <param index="0">
              <value>
                <![CDATA[9]]>
              </value>
            </param>
          </params>
          <reporter-output>
          </reporter-output>
        </test-method> <!-- testPaintDigit -->
        <test-method is-config="true" signature="setUp()[pri:0, instance:com.github.vitalibo.brickgame.core.ui.DigitTest@1d8d30f7]" started-at="2024-03-21T11:39:31Z" name="setUp" finished-at="2024-03-21T11:39:31Z" duration-ms="0" status="PASS">
          <reporter-output>
          </reporter-output>
        </test-method> <!-- setUp -->
        <test-method signature="testPaintDigit(int)[pri:0, instance:com.github.vitalibo.brickgame.core.ui.DigitTest@1d8d30f7]" started-at="2024-03-21T11:39:31Z" name="testPaintDigit" data-provider="samples" finished-at="2024-03-21T11:39:31Z" duration-ms="0" status="PASS">
          <params>
            <param index="0">
              <value>
                <![CDATA[8]]>
              </value>
            </param>
          </params>
          <reporter-output>
          </reporter-output>
        </test-method> <!-- testPaintDigit -->
        <test-method signature="testRepaint(int)[pri:0, instance:com.github.vitalibo.brickgame.core.ui.DigitTest@1d8d30f7]" started-at="2024-03-21T11:39:31Z" name="testRepaint" data-provider="samples" finished-at="2024-03-21T11:39:31Z" duration-ms="0" status="PASS">
          <params>
            <param index="0">
              <value>
                <![CDATA[1]]>
              </value>
            </param>
          </params>
          <reporter-output>
          </reporter-output>
        </test-method> <!-- testRepaint -->
        <test-method is-config="true" signature="setUp()[pri:0, instance:com.github.vitalibo.brickgame.core.ui.DigitTest@1d8d30f7]" started-at="2024-03-21T11:39:31Z" name="setUp" finished-at="2024-03-21T11:39:31Z" duration-ms="0" status="PASS">
          <reporter-output>
          </reporter-output>
        </test-method> <!-- setUp -->
        <test-method signature="testRepaint(int)[pri:0, instance:com.github.vitalibo.brickgame.core.ui.DigitTest@1d8d30f7]" started-at="2024-03-21T11:39:31Z" name="testRepaint" data-provider="samples" finished-at="2024-03-21T11:39:31Z" duration-ms="1" status="PASS">
          <params>
            <param index="0">
              <value>
                <![CDATA[2]]>
              </value>
            </param>
          </params>
          <reporter-output>
          </reporter-output>
        </test-method> <!-- testRepaint -->
        <test-method is-config="true" signature="setUp()[pri:0, instance:com.github.vitalibo.brickgame.core.ui.DigitTest@1d8d30f7]" started-at="2024-03-21T11:39:31Z" name="setUp" finished-at="2024-03-21T11:39:31Z" duration-ms="0" status="PASS">
          <reporter-output>
          </reporter-output>
        </test-method> <!-- setUp -->
        <test-method signature="testRepaint(int)[pri:0, instance:com.github.vitalibo.brickgame.core.ui.DigitTest@1d8d30f7]" started-at="2024-03-21T11:39:31Z" name="testRepaint" data-provider="samples" finished-at="2024-03-21T11:39:31Z" duration-ms="0" status="PASS">
          <params>
            <param index="0">
              <value>
                <![CDATA[0]]>
              </value>
            </param>
          </params>
          <reporter-output>
          </reporter-output>
        </test-method> <!-- testRepaint -->
        <test-method signature="testRepaint(int)[pri:0, instance:com.github.vitalibo.brickgame.core.ui.DigitTest@1d8d30f7]" started-at="2024-03-21T11:39:31Z" name="testRepaint" data-provider="samples" finished-at="2024-03-21T11:39:31Z" duration-ms="0" status="PASS">
          <params>
            <param index="0">
              <value>
                <![CDATA[3]]>
              </value>
            </param>
          </params>
          <reporter-output>
          </reporter-output>
        </test-method> <!-- testRepaint -->
        <test-method is-config="true" signature="setUp()[pri:0, instance:com.github.vitalibo.brickgame.core.ui.DigitTest@1d8d30f7]" started-at="2024-03-21T11:39:31Z" name="setUp" finished-at="2024-03-21T11:39:31Z" duration-ms="0" status="PASS">
          <reporter-output>
          </reporter-output>
        </test-method> <!-- setUp -->
        <test-method is-config="true" signature="setUp()[pri:0, instance:com.github.vitalibo.brickgame.core.ui.DigitTest@1d8d30f7]" started-at="2024-03-21T11:39:31Z" name="setUp" finished-at="2024-03-21T11:39:31Z" duration-ms="1" status="PASS">
          <reporter-output>
          </reporter-output>
        </test-method> <!-- setUp -->
        <test-method is-config="true" signature="setUp()[pri:0, instance:com.github.vitalibo.brickgame.core.ui.DigitTest@1d8d30f7]" started-at="2024-03-21T11:39:31Z" name="setUp" finished-at="2024-03-21T11:39:31Z" duration-ms="0" status="PASS">
          <reporter-output>
          </reporter-output>
        </test-method> <!-- setUp -->
        <test-method signature="testRepaint(int)[pri:0, instance:com.github.vitalibo.brickgame.core.ui.DigitTest@1d8d30f7]" started-at="2024-03-21T11:39:31Z" name="testRepaint" data-provider="samples" finished-at="2024-03-21T11:39:31Z" duration-ms="0" status="PASS">
          <params>
            <param index="0">
              <value>
                <![CDATA[4]]>
              </value>
            </param>
          </params>
          <reporter-output>
          </reporter-output>
        </test-method> <!-- testRepaint -->
        <test-method is-config="true" signature="setUp()[pri:0, instance:com.github.vitalibo.brickgame.core.ui.DigitTest@1d8d30f7]" started-at="2024-03-21T11:39:31Z" name="setUp" finished-at="2024-03-21T11:39:31Z" duration-ms="0" status="PASS">
          <reporter-output>
          </reporter-output>
        </test-method> <!-- setUp -->
        <test-method signature="testRepaint(int)[pri:0, instance:com.github.vitalibo.brickgame.core.ui.DigitTest@1d8d30f7]" started-at="2024-03-21T11:39:31Z" name="testRepaint" data-provider="samples" finished-at="2024-03-21T11:39:31Z" duration-ms="0" status="PASS">
          <params>
            <param index="0">
              <value>
                <![CDATA[6]]>
              </value>
            </param>
          </params>
          <reporter-output>
          </reporter-output>
        </test-method> <!-- testRepaint -->
        <test-method signature="testRepaint(int)[pri:0, instance:com.github.vitalibo.brickgame.core.ui.DigitTest@1d8d30f7]" started-at="2024-03-21T11:39:31Z" name="testRepaint" data-provider="samples" finished-at="2024-03-21T11:39:31Z" duration-ms="0" status="PASS">
          <params>
            <param index="0">
              <value>
                <![CDATA[7]]>
              </value>
            </param>
          </params>
          <reporter-output>
          </reporter-output>
        </test-method> <!-- testRepaint -->
        <test-method signature="testRepaint(int)[pri:0, instance:com.github.vitalibo.brickgame.core.ui.DigitTest@1d8d30f7]" started-at="2024-03-21T11:39:31Z" name="testRepaint" data-provider="samples" finished-at="2024-03-21T11:39:31Z" duration-ms="0" status="PASS">
          <params>
            <param index="0">
              <value>
                <![CDATA[5]]>
              </value>
            </param>
          </params>
          <reporter-output>
          </reporter-output>
        </test-method> <!-- testRepaint -->
        <test-method signature="testRepaint(int)[pri:0, instance:com.github.vitalibo.brickgame.core.ui.DigitTest@1d8d30f7]" started-at="2024-03-21T11:39:31Z" name="testRepaint" data-provider="samples" finished-at="2024-03-21T11:39:31Z" duration-ms="1" status="PASS">
          <params>
            <param index="0">
              <value>
                <![CDATA[8]]>
              </value>
            </param>
          </params>
          <reporter-output>
          </reporter-output>
        </test-method> <!-- testRepaint -->
        <test-method is-config="true" signature="setUp()[pri:0, instance:com.github.vitalibo.brickgame.core.ui.DigitTest@1d8d30f7]" started-at="2024-03-21T11:39:31Z" name="setUp" finished-at="2024-03-21T11:39:31Z" duration-ms="0" status="PASS">
          <reporter-output>
          </reporter-output>
        </test-method> <!-- setUp -->
        <test-method is-config="true" signature="setUp()[pri:0, instance:com.github.vitalibo.brickgame.core.ui.DigitTest@1d8d30f7]" started-at="2024-03-21T11:39:31Z" name="setUp" finished-at="2024-03-21T11:39:31Z" duration-ms="0" status="PASS">
          <reporter-output>
          </reporter-output>
        </test-method> <!-- setUp -->
        <test-method is-config="true" signature="setUp()[pri:0, instance:com.github.vitalibo.brickgame.core.ui.DigitTest@1d8d30f7]" started-at="2024-03-21T11:39:31Z" name="setUp" finished-at="2024-03-21T11:39:31Z" duration-ms="0" status="PASS">
          <reporter-output>
          </reporter-output>
        </test-method> <!-- setUp -->
        <test-method is-config="true" signature="setUp()[pri:0, instance:com.github.vitalibo.brickgame.core.ui.DigitTest@1d8d30f7]" started-at="2024-03-21T11:39:31Z" name="setUp" finished-at="2024-03-21T11:39:31Z" duration-ms="0" status="PASS">
          <reporter-output>
          </reporter-output>
        </test-method> <!-- setUp -->
        <test-method signature="testSetIllegalValue(int)[pri:0, instance:com.github.vitalibo.brickgame.core.ui.DigitTest@1d8d30f7]" started-at="2024-03-21T11:39:31Z" name="testSetIllegalValue" data-provider="samplesIllegalValue" finished-at="2024-03-21T11:39:31Z" duration-ms="1" status="PASS">
          <params>
            <param index="0">
              <value>
                <![CDATA[-1]]>
              </value>
            </param>
          </params>
          <exception class="java.lang.IllegalArgumentException">
            <message>
              <![CDATA[The value must be in the range 0 - 9.]]>
            </message>
            <full-stacktrace>
              <![CDATA[java.lang.IllegalArgumentException: The value must be in the range 0 - 9.
	at com.github.vitalibo.brickgame.core.ui.NumberPanel$Digit.set(NumberPanel.java:83)
	at com.github.vitalibo.brickgame.core.ui.DigitTest.testSetIllegalValue(DigitTest.java:72)
	at java.base/jdk.internal.reflect.NativeMethodAccessorImpl.invoke0(Native Method)
	at java.base/jdk.internal.reflect.NativeMethodAccessorImpl.invoke(NativeMethodAccessorImpl.java:62)
	at java.base/jdk.internal.reflect.DelegatingMethodAccessorImpl.invoke(DelegatingMethodAccessorImpl.java:43)
	at java.base/java.lang.reflect.Method.invoke(Method.java:566)
	at org.testng.internal.MethodInvocationHelper.invokeMethod(MethodInvocationHelper.java:80)
	at org.testng.internal.Invoker.invokeMethod(Invoker.java:714)
	at org.testng.internal.Invoker.invokeTestMethod(Invoker.java:901)
	at org.testng.internal.Invoker.invokeTestMethods(Invoker.java:1231)
	at org.testng.internal.TestMethodWorker.invokeTestMethods(TestMethodWorker.java:127)
	at org.testng.internal.TestMethodWorker.run(TestMethodWorker.java:111)
	at org.testng.TestRunner.privateRun(TestRunner.java:767)
	at org.testng.TestRunner.run(TestRunner.java:617)
	at org.testng.SuiteRunner.runTest(SuiteRunner.java:334)
	at org.testng.SuiteRunner.runSequentially(SuiteRunner.java:329)
	at org.testng.SuiteRunner.privateRun(SuiteRunner.java:291)
	at org.testng.SuiteRunner.run(SuiteRunner.java:240)
	at org.testng.SuiteRunnerWorker.runSuite(SuiteRunnerWorker.java:52)
	at org.testng.SuiteRunnerWorker.run(SuiteRunnerWorker.java:86)
	at org.testng.TestNG.runSuitesSequentially(TestNG.java:1198)
	at org.testng.TestNG.runSuitesLocally(TestNG.java:1123)
	at org.testng.TestNG.run(TestNG.java:1031)
	at org.apache.maven.surefire.testng.TestNGExecutor.run(TestNGExecutor.java:77)
	at org.apache.maven.surefire.testng.TestNGDirectoryTestSuite.executeMulti(TestNGDirectoryTestSuite.java:159)
	at org.apache.maven.surefire.testng.TestNGDirectoryTestSuite.execute(TestNGDirectoryTestSuite.java:99)
	at org.apache.maven.surefire.testng.TestNGProvider.invoke(TestNGProvider.java:106)
	at java.base/jdk.internal.reflect.NativeMethodAccessorImpl.invoke0(Native Method)
	at java.base/jdk.internal.reflect.NativeMethodAccessorImpl.invoke(NativeMethodAccessorImpl.java:62)
	at java.base/jdk.internal.reflect.DelegatingMethodAccessorImpl.invoke(DelegatingMethodAccessorImpl.java:43)
	at java.base/java.lang.reflect.Method.invoke(Method.java:566)
	at org.apache.maven.surefire.util.ReflectionUtils.invokeMethodWithArray(ReflectionUtils.java:189)
	at org.apache.maven.surefire.booter.ProviderFactory$ProviderProxy.invoke(ProviderFactory.java:165)
	at org.apache.maven.surefire.booter.ProviderFactory.invokeProvider(ProviderFactory.java:85)
	at org.apache.maven.surefire.booter.ForkedBooter.runSuitesInProcess(ForkedBooter.java:115)
	at org.apache.maven.surefire.booter.ForkedBooter.main(ForkedBooter.java:75)
]]>
            </full-stacktrace>
          </exception> <!-- java.lang.IllegalArgumentException -->
          <reporter-output>
          </reporter-output>
        </test-method> <!-- testSetIllegalValue -->
        <test-method signature="testRepaint(int)[pri:0, instance:com.github.vitalibo.brickgame.core.ui.DigitTest@1d8d30f7]" started-at="2024-03-21T11:39:31Z" name="testRepaint" data-provider="samples" finished-at="2024-03-21T11:39:31Z" duration-ms="0" status="PASS">
          <params>
            <param index="0">
              <value>
                <![CDATA[9]]>
              </value>
            </param>
          </params>
          <reporter-output>
          </reporter-output>
        </test-method> <!-- testRepaint -->
        <test-method is-config="true" signature="setUp()[pri:0, instance:com.github.vitalibo.brickgame.core.ui.DigitTest@1d8d30f7]" started-at="2024-03-21T11:39:31Z" name="setUp" finished-at="2024-03-21T11:39:31Z" duration-ms="0" status="PASS">
          <reporter-output>
          </reporter-output>
        </test-method> <!-- setUp -->
        <test-method signature="testSetIllegalValue(int)[pri:0, instance:com.github.vitalibo.brickgame.core.ui.DigitTest@1d8d30f7]" started-at="2024-03-21T11:39:31Z" name="testSetIllegalValue" data-provider="samplesIllegalValue" finished-at="2024-03-21T11:39:31Z" duration-ms="0" status="PASS">
          <params>
            <param index="0">
              <value>
                <![CDATA[10]]>
              </value>
            </param>
          </params>
          <exception class="java.lang.IllegalArgumentException">
            <message>
              <![CDATA[The value must be in the range 0 - 9.]]>
            </message>
            <full-stacktrace>
              <![CDATA[java.lang.IllegalArgumentException: The value must be in the range 0 - 9.
	at com.github.vitalibo.brickgame.core.ui.NumberPanel$Digit.set(NumberPanel.java:83)
	at com.github.vitalibo.brickgame.core.ui.DigitTest.testSetIllegalValue(DigitTest.java:72)
	at java.base/jdk.internal.reflect.NativeMethodAccessorImpl.invoke0(Native Method)
	at java.base/jdk.internal.reflect.NativeMethodAccessorImpl.invoke(NativeMethodAccessorImpl.java:62)
	at java.base/jdk.internal.reflect.DelegatingMethodAccessorImpl.invoke(DelegatingMethodAccessorImpl.java:43)
	at java.base/java.lang.reflect.Method.invoke(Method.java:566)
	at org.testng.internal.MethodInvocationHelper.invokeMethod(MethodInvocationHelper.java:80)
	at org.testng.internal.Invoker.invokeMethod(Invoker.java:714)
	at org.testng.internal.Invoker.invokeTestMethod(Invoker.java:901)
	at org.testng.internal.Invoker.invokeTestMethods(Invoker.java:1231)
	at org.testng.internal.TestMethodWorker.invokeTestMethods(TestMethodWorker.java:127)
	at org.testng.internal.TestMethodWorker.run(TestMethodWorker.java:111)
	at org.testng.TestRunner.privateRun(TestRunner.java:767)
	at org.testng.TestRunner.run(TestRunner.java:617)
	at org.testng.SuiteRunner.runTest(SuiteRunner.java:334)
	at org.testng.SuiteRunner.runSequentially(SuiteRunner.java:329)
	at org.testng.SuiteRunner.privateRun(SuiteRunner.java:291)
	at org.testng.SuiteRunner.run(SuiteRunner.java:240)
	at org.testng.SuiteRunnerWorker.runSuite(SuiteRunnerWorker.java:52)
	at org.testng.SuiteRunnerWorker.run(SuiteRunnerWorker.java:86)
	at org.testng.TestNG.runSuitesSequentially(TestNG.java:1198)
	at org.testng.TestNG.runSuitesLocally(TestNG.java:1123)
	at org.testng.TestNG.run(TestNG.java:1031)
	at org.apache.maven.surefire.testng.TestNGExecutor.run(TestNGExecutor.java:77)
	at org.apache.maven.surefire.testng.TestNGDirectoryTestSuite.executeMulti(TestNGDirectoryTestSuite.java:159)
	at org.apache.maven.surefire.testng.TestNGDirectoryTestSuite.execute(TestNGDirectoryTestSuite.java:99)
	at org.apache.maven.surefire.testng.TestNGProvider.invoke(TestNGProvider.java:106)
	at java.base/jdk.internal.reflect.NativeMethodAccessorImpl.invoke0(Native Method)
	at java.base/jdk.internal.reflect.NativeMethodAccessorImpl.invoke(NativeMethodAccessorImpl.java:62)
	at java.base/jdk.internal.reflect.DelegatingMethodAccessorImpl.invoke(DelegatingMethodAccessorImpl.java:43)
	at java.base/java.lang.reflect.Method.invoke(Method.java:566)
	at org.apache.maven.surefire.util.ReflectionUtils.invokeMethodWithArray(ReflectionUtils.java:189)
	at org.apache.maven.surefire.booter.ProviderFactory$ProviderProxy.invoke(ProviderFactory.java:165)
	at org.apache.maven.surefire.booter.ProviderFactory.invokeProvider(ProviderFactory.java:85)
	at org.apache.maven.surefire.booter.ForkedBooter.runSuitesInProcess(ForkedBooter.java:115)
	at org.apache.maven.surefire.booter.ForkedBooter.main(ForkedBooter.java:75)
]]>
            </full-stacktrace>
          </exception> <!-- java.lang.IllegalArgumentException -->
          <reporter-output>
          </reporter-output>
        </test-method> <!-- testSetIllegalValue -->
      </class> <!-- com.github.vitalibo.brickgame.core.ui.DigitTest -->
    </test> <!-- Command line test -->
  </suite> <!-- Command line suite -->
</testng-results>
